2024-08-07 09:36:09,968 [INFO] Activator:176 - 


2024-08-07 09:36:09,975 [INFO] Activator:177 - !SESSION log4j initialized
2024-08-07 09:36:13,199 [INFO] LogOutputStream:77 - [STDOUT_REDIRECT] 
2024-08-07 09:36:15,400 [ERROR] LogOutputStream:75 - [STDERR_REDIRECT] 
2024-08-07 09:36:17,805 [INFO] LogOutputStream:77 - [STDOUT_REDIRECT] 
2024-08-07 09:36:19,126 [ERROR] LogOutputStream:75 - [STDERR_REDIRECT] [Fatal Error] :2:10: DOCTYPE is disallowed when the feature "http://apache.org/xml/features/disallow-doctype-decl" set to true.
2024-08-07 09:36:19,127 [ERROR] LogOutputStream:75 - [STDERR_REDIRECT] 
2024-08-07 09:36:21,296 [INFO] ApplicationProperties:184 - Using Application install path: /Applications/STM32CubeIDE.app/Contents/Eclipse/plugins/com.st.stm32cube.common.mx_6.11.1.202404110753
2024-08-07 09:36:21,308 [INFO] DbMcusXml:78 - Set database path to: /Applications/STM32CubeIDE.app/Contents/Eclipse/plugins/com.st.stm32cube.common.mx_6.11.1.202404110753//db//mcu/
2024-08-07 09:36:21,308 [INFO] ApiDb:274 - Set plugin database path to: /Applications/STM32CubeIDE.app/Contents/Eclipse/plugins/com.st.stm32cube.common.mx_6.11.1.202404110753//db//plugins/boardmanager/
2024-08-07 09:36:21,309 [WARN] ApiDb:259 - Overriding images path with different value:  => /Applications/STM32CubeIDE.app/Contents/Eclipse/plugins/com.st.stm32cube.common.mx_6.11.1.202404110753//db//plugins/mcufinder/images/
2024-08-07 09:36:21,314 [INFO] ApiDb:250 - Set database path to: /Users/naveensagar/.stmcufinder/plugins/mcufinder//mcu/
2024-08-07 09:36:21,315 [INFO] DbMcusAds:125 - Set database path to: /Users/naveensagar/.stmcufinder/plugins/mcufinder//mcu/
2024-08-07 09:36:21,316 [INFO] CrossReferenceDbSqlite:203 - Set database path to: /Users/naveensagar/.stmcufinder/plugins/mcufinder//mcu/cs/
2024-08-07 09:36:21,419 [INFO] RulesReader:64 - Compatibility file has been processed (297 Rules)
2024-08-07 09:36:21,465 [INFO] DbMcusXml:78 - Set database path to: /Applications/STM32CubeIDE.app/Contents/Eclipse/plugins/com.st.stm32cube.common.mx_6.11.1.202404110753//db//mcu/
2024-08-07 09:36:21,465 [INFO] ApiDb:274 - Set plugin database path to: /Applications/STM32CubeIDE.app/Contents/Eclipse/plugins/com.st.stm32cube.common.mx_6.11.1.202404110753//db//plugins/boardmanager/
2024-08-07 09:36:21,465 [INFO] ApiDb:261 - Set plugin images path to: /Applications/STM32CubeIDE.app/Contents/Eclipse/plugins/com.st.stm32cube.common.mx_6.11.1.202404110753//db//plugins/mcufinder/images/
2024-08-07 09:36:21,465 [WARN] DbFile:41 - Overriding database path with different value: /Users/naveensagar/.stmcufinder/plugins/mcufinder/ => /Users/naveensagar/.stmcufinder/plugins/mcufinder
2024-08-07 09:36:21,465 [INFO] ApiDb:250 - Set database path to: /Users/naveensagar/.stmcufinder/plugins/mcufinder//mcu/
2024-08-07 09:36:21,466 [WARN] DbFile:41 - Overriding database path with different value: /Users/naveensagar/.stmcufinder/plugins/mcufinder/ => /Users/naveensagar/.stmcufinder/plugins/mcufinder
2024-08-07 09:36:21,466 [INFO] DbMcusAds:125 - Set database path to: /Users/naveensagar/.stmcufinder/plugins/mcufinder//mcu/
2024-08-07 09:36:21,466 [WARN] DbFile:41 - Overriding database path with different value: /Users/naveensagar/.stmcufinder/plugins/mcufinder/ => /Users/naveensagar/.stmcufinder/plugins/mcufinder
2024-08-07 09:36:21,466 [WARN] DbFile:41 - Overriding database path with different value: /Users/naveensagar/.stmcufinder/plugins/mcufinder/ => /Users/naveensagar/.stmcufinder/plugins/mcufinder
2024-08-07 09:36:21,466 [INFO] CrossReferenceDbSqlite:203 - Set database path to: /Users/naveensagar/.stmcufinder/plugins/mcufinder//mcu/cs/
2024-08-07 09:36:21,521 [INFO] MainPanel:264 - HeapMemory: 268435456
2024-08-07 09:36:21,585 [INFO] DbMcusXml:78 - Set database path to: /Applications/STM32CubeIDE.app/Contents/Eclipse/plugins/com.st.stm32cube.common.mx_6.11.1.202404110753//db//mcu/
2024-08-07 09:36:21,586 [INFO] ApiDb:274 - Set plugin database path to: /Applications/STM32CubeIDE.app/Contents/Eclipse/plugins/com.st.stm32cube.common.mx_6.11.1.202404110753//db//plugins/boardmanager/
2024-08-07 09:36:21,586 [INFO] ApiDb:261 - Set plugin images path to: /Applications/STM32CubeIDE.app/Contents/Eclipse/plugins/com.st.stm32cube.common.mx_6.11.1.202404110753//db//plugins/mcufinder/images/
2024-08-07 09:36:21,586 [WARN] DbFile:41 - Overriding database path with different value: /Users/naveensagar/.stmcufinder/plugins/mcufinder/ => /Users/naveensagar/.stmcufinder/plugins/mcufinder
2024-08-07 09:36:21,586 [INFO] ApiDb:250 - Set database path to: /Users/naveensagar/.stmcufinder/plugins/mcufinder//mcu/
2024-08-07 09:36:21,586 [WARN] DbFile:41 - Overriding database path with different value: /Users/naveensagar/.stmcufinder/plugins/mcufinder/ => /Users/naveensagar/.stmcufinder/plugins/mcufinder
2024-08-07 09:36:21,586 [INFO] DbMcusAds:125 - Set database path to: /Users/naveensagar/.stmcufinder/plugins/mcufinder//mcu/
2024-08-07 09:36:21,586 [WARN] DbFile:41 - Overriding database path with different value: /Users/naveensagar/.stmcufinder/plugins/mcufinder/ => /Users/naveensagar/.stmcufinder/plugins/mcufinder
2024-08-07 09:36:21,586 [WARN] DbFile:41 - Overriding database path with different value: /Users/naveensagar/.stmcufinder/plugins/mcufinder/ => /Users/naveensagar/.stmcufinder/plugins/mcufinder
2024-08-07 09:36:21,586 [INFO] CrossReferenceDbSqlite:203 - Set database path to: /Users/naveensagar/.stmcufinder/plugins/mcufinder//mcu/cs/
2024-08-07 09:36:21,601 [INFO] ApplicationProperties:184 - Using Application install path: /Applications/STM32CubeIDE.app/Contents/Eclipse/plugins/com.st.stm32cube.common.mx_6.11.1.202404110753
2024-08-07 09:36:21,602 [INFO] PluginManage:196 - Search for loadable plugins [exclusion list=, ]
2024-08-07 09:36:21,603 [INFO] PluginManage:310 - Check plugin analytics
2024-08-07 09:36:21,808 [INFO] AnalyticsPlugin:253 - Accepted Software Licenses: 
2024-08-07 09:36:21,808 [INFO] AnalyticsPlugin:255 - Accepted CMSIS Pack Licenses: 
2024-08-07 09:36:21,808 [INFO] AnalyticsPlugin:257 - Accepted Firmware Licenses: FW.F4.1.28.0
2024-08-07 09:36:21,814 [INFO] PluginManage:359 - Loaded plugin analytics (category:tool,tabindex:-1)
2024-08-07 09:36:21,815 [INFO] PluginManage:310 - Check plugin cadmodel
2024-08-07 09:36:22,359 [INFO] CADModel:105 - Init CAD model plugin
2024-08-07 09:36:22,361 [INFO] PluginManage:359 - Loaded plugin cadmodel (category:power,tabindex:5)
2024-08-07 09:36:22,363 [INFO] PluginManage:310 - Check plugin clock
2024-08-07 09:36:22,374 [INFO] PluginManage:359 - Loaded plugin clock (category:base,tabindex:2)
2024-08-07 09:36:22,374 [INFO] PluginManage:310 - Check plugin ddr
2024-08-07 09:36:22,376 [INFO] PluginManage:359 - Loaded plugin ddr (category:tool,tabindex:6)
2024-08-07 09:36:22,376 [INFO] PluginManage:310 - Check plugin filemanager
2024-08-07 09:36:22,495 [INFO] PluginManage:359 - Loaded plugin filemanager (category:base,tabindex:10)
2024-08-07 09:36:22,496 [INFO] PluginManage:310 - Check plugin ipmanager
2024-08-07 09:36:22,502 [INFO] PluginManage:359 - Loaded plugin ipmanager (category:base,tabindex:5)
2024-08-07 09:36:22,503 [INFO] PluginManage:310 - Check plugin lpbam
2024-08-07 09:36:22,509 [INFO] PluginManage:359 - Loaded plugin lpbam (category:base,tabindex:0)
2024-08-07 09:36:22,509 [INFO] PluginManage:310 - Check plugin memorymap
2024-08-07 09:36:22,517 [INFO] PluginManage:359 - Loaded plugin memorymap (category:base,tabindex:4)
2024-08-07 09:36:22,517 [INFO] PluginManage:310 - Check plugin pinoutandconfiguration
2024-08-07 09:36:22,521 [INFO] PluginManage:359 - Loaded plugin pinoutandconfiguration (category:base,tabindex:1)
2024-08-07 09:36:22,521 [INFO] PluginManage:310 - Check plugin pinoutconfig
2024-08-07 09:36:22,590 [WARN] SupportedApi:132 - Cannot load RTOS API schema: s4s-elt-must-match.1: The content of 'definitions' must match (annotation?, (simpleType | complexType)?, (unique | key | keyref)*)). A problem was found starting at: attribute.
2024-08-07 09:36:22,730 [INFO] PluginManage:359 - Loaded plugin pinoutconfig (category:base,tabindex:0)
2024-08-07 09:36:22,730 [INFO] PluginManage:310 - Check plugin power
2024-08-07 09:36:22,743 [INFO] PluginManage:359 - Loaded plugin power (category:power,tabindex:4)
2024-08-07 09:36:22,743 [INFO] PluginManage:310 - Check plugin projectmanager
2024-08-07 09:36:22,771 [INFO] PluginManage:359 - Loaded plugin projectmanager (category:projectmanager,tabindex:3)
2024-08-07 09:36:22,772 [INFO] PluginManage:310 - Check plugin thirdparty
2024-08-07 09:36:22,926 [INFO] PluginManage:359 - Loaded plugin thirdparty (category:base,tabindex:-1)
2024-08-07 09:36:22,926 [INFO] PluginManage:310 - Check plugin tools
2024-08-07 09:36:22,926 [WARN] IntegrityCheckThread:84 - waiting for thirdparty lock release [integrity check]
2024-08-07 09:36:22,927 [INFO] IntegrityCheckThread:86 - entering critical section [integrity check]
2024-08-07 09:36:22,927 [INFO] ThirdPartyUpdaterWithRetryManager:70 - Updater plugin not ready yet. [1/15]
2024-08-07 09:36:22,929 [INFO] PluginManage:359 - Loaded plugin tools (category:base,tabindex:7)
2024-08-07 09:36:22,929 [INFO] PluginManage:310 - Check plugin tutovideos
2024-08-07 09:36:23,130 [INFO] PluginManage:359 - Loaded plugin tutovideos (category:base,tabindex:-1)
2024-08-07 09:36:23,132 [INFO] PluginManage:310 - Check plugin updater
2024-08-07 09:36:23,153 [INFO] PluginManage:359 - Loaded plugin updater (category:base,tabindex:12)
2024-08-07 09:36:23,153 [INFO] PluginManage:310 - Check plugin userauth
2024-08-07 09:36:23,161 [INFO] UserAuth:114 - Init User Auth plugin
2024-08-07 09:36:23,162 [INFO] PluginManage:359 - Loaded plugin userauth (category:base,tabindex:14)
2024-08-07 09:36:23,164 [INFO] PluginManage:283 - PluginManage : Loaded plugins [17]
2024-08-07 09:36:23,433 [INFO] PinOutPanel:1561 - setPackage(No Configuration,No Configuration)
2024-08-07 09:36:23,481 [INFO] CADModel:165 - CPN selected for project level
2024-08-07 09:36:23,481 [INFO] CADModel:114 - Register for checkConnection events
2024-08-07 09:36:23,490 [INFO] IPUIPlugin:80 - create IPUIPlugin
2024-08-07 09:36:23,491 [INFO] PluginManager:220 - loadIPPluginJar : add mdma
2024-08-07 09:36:23,496 [INFO] IPUIPlugin:80 - create IPUIPlugin
2024-08-07 09:36:23,496 [INFO] PluginManager:220 - loadIPPluginJar : add freertos
2024-08-07 09:36:23,499 [INFO] IPUIPlugin:80 - create IPUIPlugin
2024-08-07 09:36:23,499 [INFO] PluginManager:220 - loadIPPluginJar : add gic
2024-08-07 09:36:23,503 [INFO] IPUIPlugin:80 - create IPUIPlugin
2024-08-07 09:36:23,503 [INFO] PluginManager:220 - loadIPPluginJar : add adc
2024-08-07 09:36:23,505 [INFO] IPUIPlugin:80 - create IPUIPlugin
2024-08-07 09:36:23,505 [INFO] PluginManager:220 - loadIPPluginJar : add gtzc
2024-08-07 09:36:23,506 [INFO] IPUIPlugin:80 - create IPUIPlugin
2024-08-07 09:36:23,506 [INFO] PluginManager:220 - loadIPPluginJar : add quadspi
2024-08-07 09:36:23,507 [INFO] IPUIPlugin:80 - create IPUIPlugin
2024-08-07 09:36:23,507 [INFO] PluginManager:220 - loadIPPluginJar : add aes
2024-08-07 09:36:23,508 [INFO] IPUIPlugin:80 - create IPUIPlugin
2024-08-07 09:36:23,508 [INFO] PluginManager:220 - loadIPPluginJar : add pdm2pcm
2024-08-07 09:36:23,509 [INFO] IPUIPlugin:80 - create IPUIPlugin
2024-08-07 09:36:23,509 [INFO] PluginManager:220 - loadIPPluginJar : add hash
2024-08-07 09:36:23,510 [INFO] IPUIPlugin:80 - create IPUIPlugin
2024-08-07 09:36:23,510 [INFO] PluginManager:220 - loadIPPluginJar : add tim
2024-08-07 09:36:23,511 [INFO] IPUIPlugin:80 - create IPUIPlugin
2024-08-07 09:36:23,511 [INFO] PluginManager:220 - loadIPPluginJar : add tsc
2024-08-07 09:36:23,512 [INFO] IPUIPlugin:80 - create IPUIPlugin
2024-08-07 09:36:23,512 [INFO] PluginManager:220 - loadIPPluginJar : add extmemmanager
2024-08-07 09:36:23,515 [INFO] IPUIPlugin:80 - create IPUIPlugin
2024-08-07 09:36:23,515 [INFO] PluginManager:220 - loadIPPluginJar : add ts
2024-08-07 09:36:23,517 [INFO] IPUIPlugin:80 - create IPUIPlugin
2024-08-07 09:36:23,517 [INFO] PluginManager:220 - loadIPPluginJar : add can
2024-08-07 09:36:23,518 [INFO] IPUIPlugin:80 - create IPUIPlugin
2024-08-07 09:36:23,518 [INFO] PluginManager:220 - loadIPPluginJar : add dma3
2024-08-07 09:36:23,519 [INFO] IPUIPlugin:80 - create IPUIPlugin
2024-08-07 09:36:23,520 [INFO] PluginManager:220 - loadIPPluginJar : add dfsdm
2024-08-07 09:36:23,521 [INFO] IPUIPlugin:80 - create IPUIPlugin
2024-08-07 09:36:23,521 [INFO] PluginManager:220 - loadIPPluginJar : add spi
2024-08-07 09:36:23,522 [INFO] IPUIPlugin:80 - create IPUIPlugin
2024-08-07 09:36:23,522 [INFO] PluginManager:220 - loadIPPluginJar : add gfxmmu
2024-08-07 09:36:23,522 [INFO] IPUIPlugin:80 - create IPUIPlugin
2024-08-07 09:36:23,522 [INFO] PluginManager:220 - loadIPPluginJar : add genericplugin
2024-08-07 09:36:23,523 [INFO] IPUIPlugin:80 - create IPUIPlugin
2024-08-07 09:36:23,523 [INFO] PluginManager:220 - loadIPPluginJar : add cryp
2024-08-07 09:36:23,526 [INFO] IPUIPlugin:80 - create IPUIPlugin
2024-08-07 09:36:23,526 [INFO] PluginManager:220 - loadIPPluginJar : add gpio
2024-08-07 09:36:23,526 [INFO] IPUIPlugin:80 - create IPUIPlugin
2024-08-07 09:36:23,527 [INFO] PluginManager:220 - loadIPPluginJar : add comp
2024-08-07 09:36:23,528 [INFO] IPUIPlugin:80 - create IPUIPlugin
2024-08-07 09:36:23,528 [INFO] PluginManager:220 - loadIPPluginJar : add tracer_emb
2024-08-07 09:36:23,529 [INFO] IPUIPlugin:80 - create IPUIPlugin
2024-08-07 09:36:23,529 [INFO] PluginManager:220 - loadIPPluginJar : add openamp
2024-08-07 09:36:23,532 [INFO] IPUIPlugin:80 - create IPUIPlugin
2024-08-07 09:36:23,532 [INFO] PluginManager:220 - loadIPPluginJar : add stm32_wpan
2024-08-07 09:36:23,535 [INFO] IPUIPlugin:80 - create IPUIPlugin
2024-08-07 09:36:23,537 [INFO] PluginManager:220 - loadIPPluginJar : add plateformsettings
2024-08-07 09:36:23,539 [INFO] IPUIPlugin:80 - create IPUIPlugin
2024-08-07 09:36:23,539 [INFO] PluginManager:220 - loadIPPluginJar : add ipddr
2024-08-07 09:36:23,540 [INFO] IPUIPlugin:80 - create IPUIPlugin
2024-08-07 09:36:23,540 [INFO] PluginManager:220 - loadIPPluginJar : add usart
2024-08-07 09:36:23,541 [INFO] IPUIPlugin:80 - create IPUIPlugin
2024-08-07 09:36:23,541 [INFO] PluginManager:220 - loadIPPluginJar : add ltdc
2024-08-07 09:36:23,543 [INFO] IPUIPlugin:80 - create IPUIPlugin
2024-08-07 09:36:23,543 [INFO] PluginManager:220 - loadIPPluginJar : add nvic
2024-08-07 09:36:23,543 [INFO] IPUIPlugin:80 - create IPUIPlugin
2024-08-07 09:36:23,543 [INFO] PluginManager:220 - loadIPPluginJar : add fatfs
2024-08-07 09:36:23,547 [INFO] IPUIPlugin:80 - create IPUIPlugin
2024-08-07 09:36:23,547 [INFO] PluginManager:220 - loadIPPluginJar : add linkedlist
2024-08-07 09:36:23,550 [INFO] IPUIPlugin:80 - create IPUIPlugin
2024-08-07 09:36:23,550 [INFO] PluginManager:220 - loadIPPluginJar : add dma
2024-08-07 09:36:23,551 [INFO] IPUIPlugin:80 - create IPUIPlugin
2024-08-07 09:36:23,552 [INFO] PluginManager:220 - loadIPPluginJar : add fmc
2024-08-07 09:36:23,553 [INFO] IPUIPlugin:80 - create IPUIPlugin
2024-08-07 09:36:23,553 [INFO] PluginManager:220 - loadIPPluginJar : add i2s
2024-08-07 09:36:23,553 [INFO] IPUIPlugin:80 - create IPUIPlugin
2024-08-07 09:36:23,553 [INFO] PluginManager:220 - loadIPPluginJar : add ucpd
2024-08-07 09:36:23,554 [INFO] IPUIPlugin:80 - create IPUIPlugin
2024-08-07 09:36:23,554 [INFO] PluginManager:220 - loadIPPluginJar : add lorawan
2024-08-07 09:36:23,555 [INFO] IPUIPlugin:80 - create IPUIPlugin
2024-08-07 09:36:23,555 [INFO] PluginManager:220 - loadIPPluginJar : add opamp
2024-08-07 09:36:23,557 [INFO] IPUIPlugin:80 - create IPUIPlugin
2024-08-07 09:36:23,557 [INFO] PluginManager:220 - loadIPPluginJar : add i3c
2024-08-07 09:36:23,558 [INFO] IPUIPlugin:80 - create IPUIPlugin
2024-08-07 09:36:23,558 [INFO] PluginManager:220 - loadIPPluginJar : add touchsensing
2024-08-07 09:36:23,559 [INFO] IPUIPlugin:80 - create IPUIPlugin
2024-08-07 09:36:23,559 [INFO] PluginManager:220 - loadIPPluginJar : add i2c
2024-08-07 09:36:23,561 [INFO] IPUIPlugin:80 - create IPUIPlugin
2024-08-07 09:36:23,561 [INFO] PluginManager:220 - loadIPPluginJar : add resmgrutility
2024-08-07 09:36:23,562 [INFO] IPUIPlugin:80 - create IPUIPlugin
2024-08-07 09:36:23,562 [INFO] PluginManager:220 - loadIPPluginJar : add sai
2024-08-07 09:36:23,565 [INFO] IPUIPlugin:80 - create IPUIPlugin
2024-08-07 09:36:23,566 [INFO] PluginManager:220 - loadIPPluginJar : add usbx
2024-08-07 09:36:23,677 [INFO] CADModel:165 - CPN selected for project level
2024-08-07 09:36:23,677 [INFO] CADModel:114 - Register for checkConnection events
2024-08-07 09:36:23,677 [FATAL] Updater:308 - Updater called before beeing initialized
2024-08-07 09:36:23,677 [ERROR] CADModel:125 - Updater not yet initialized, retry later 
2024-08-07 09:36:23,971 [INFO] CADModel:165 - CPN selected for project level
2024-08-07 09:36:23,973 [INFO] CADModel:114 - Register for checkConnection events
2024-08-07 09:36:23,974 [FATAL] Updater:308 - Updater called before beeing initialized
2024-08-07 09:36:23,974 [ERROR] CADModel:125 - Updater not yet initialized, retry later 
2024-08-07 09:36:23,985 [FATAL] Updater:308 - Updater called before beeing initialized
2024-08-07 09:36:24,309 [FATAL] Updater:308 - Updater called before beeing initialized
2024-08-07 09:36:24,316 [INFO] DbMcusAds:53 - JSON generation date=Thu May 16 14:52:00 IST 2024 (1715851320852)
2024-08-07 09:36:24,317 [FATAL] Updater:308 - Updater called before beeing initialized
2024-08-07 09:36:25,107 [WARN] DetailPanel:346 - Failed to get advertising image, set to default
2024-08-07 09:36:25,165 [FATAL] Updater:308 - Updater called before beeing initialized
2024-08-07 09:36:25,167 [FATAL] Updater:308 - Updater called before beeing initialized
2024-08-07 09:36:25,167 [FATAL] Updater:308 - Updater called before beeing initialized
2024-08-07 09:36:25,167 [WARN] DetailPanel:346 - Failed to get advertising image, set to default
2024-08-07 09:36:25,167 [FATAL] Updater:308 - Updater called before beeing initialized
2024-08-07 09:36:25,220 [ERROR] Updater:1120 - MainUpdater not yet initialized. External WinMGr cannot be set.
2024-08-07 09:36:25,225 [INFO] Updater:1056 - Updater Version found : 6.11.1
2024-08-07 09:36:25,236 [INFO] ApplicationProperties:184 - Using Application install path: /Applications/STM32CubeIDE.app/Contents/Eclipse/plugins/com.st.stm32cube.common.mx_6.11.1.202404110753
2024-08-07 09:36:25,559 [INFO] MainUpdater:2873 - connection check result : 10
2024-08-07 09:36:25,559 [INFO] MainUpdater:3567 - Updater definition file requires update
2024-08-07 09:36:25,560 [INFO] MainUpdater:290 - Updater Check For Update Now.
2024-08-07 09:36:25,560 [INFO] MicroXplorer:498 - Change Database Version : DB.6.0.111
2024-08-07 09:36:25,564 [INFO] McuFinderGlobals:63 - Set McuFinder mode to 2 (CubeIDE integrated)
2024-08-07 09:36:25,576 [INFO] UserAuth:415 - Internet connection configuration mode: 1
2024-08-07 09:36:25,585 [INFO] JxBrowserEngine:152 - Initiate JxBrowser Engine with user profile folder
2024-08-07 09:36:25,648 [INFO] ServerAccessManage:473 - Download File updaters.zip
2024-08-07 09:36:25,763 [INFO] FileExtend:240 - Unzip File : updaters.zip
2024-08-07 09:36:25,763 [INFO] FileExtend:255 - Standard Zip Deflate
2024-08-07 09:36:25,943 [WARN] MainUpdater:1194 - Updater busy. Cannot search thirdparties
2024-08-07 09:36:25,949 [INFO] ThirdPartyUpdaterWithRetryManager:96 - Updater plugin is busy. [1/15]
2024-08-07 09:36:26,207 [INFO] ServerAccessManage:473 - Download File PacksControlFlags.xml
2024-08-07 09:36:26,349 [INFO] ServerAccessManage:473 - Download File cubemx.pidx
2024-08-07 09:36:27,337 [INFO] ServerAccessManage:473 - Download File STMicroelectronics.FP-SNS-STBOX1.pdsc
2024-08-07 09:36:28,431 [INFO] ServerAccessManage:473 - Download File STMicroelectronics.X-CUBE-DPOWER.pdsc
2024-08-07 09:36:28,955 [WARN] MainUpdater:1194 - Updater busy. Cannot search thirdparties
2024-08-07 09:36:28,955 [INFO] ThirdPartyUpdaterWithRetryManager:96 - Updater plugin is busy. [2/15]
2024-08-07 09:36:30,200 [ERROR] ServerAccessManage:1089 - Problem, file not found on Server
2024-08-07 09:36:30,657 [ERROR] ServerAccessManage:1089 - Problem, file not found on Server
2024-08-07 09:36:31,431 [ERROR] ServerAccessManage:1089 - Problem, file not found on Server
2024-08-07 09:36:31,961 [WARN] MainUpdater:1194 - Updater busy. Cannot search thirdparties
2024-08-07 09:36:31,963 [INFO] ThirdPartyUpdaterWithRetryManager:96 - Updater plugin is busy. [3/15]
2024-08-07 09:36:32,354 [ERROR] ServerAccessManage:1089 - Problem, file not found on Server
2024-08-07 09:36:33,274 [ERROR] ServerAccessManage:1089 - Problem, file not found on Server
2024-08-07 09:36:34,025 [ERROR] ServerAccessManage:1089 - Problem, file not found on Server
2024-08-07 09:36:34,401 [ERROR] ServerAccessManage:1089 - Problem, file not found on Server
2024-08-07 09:36:34,685 [INFO] WebApp:161 - Instantiating new browser for Auth
2024-08-07 09:36:34,969 [WARN] MainUpdater:1194 - Updater busy. Cannot search thirdparties
2024-08-07 09:36:34,969 [INFO] ThirdPartyUpdaterWithRetryManager:96 - Updater plugin is busy. [4/15]
2024-08-07 09:36:35,435 [ERROR] ServerAccessManage:1089 - Problem, file not found on Server
2024-08-07 09:36:35,868 [INFO] WebApp:779 - Register for checkConnection events
2024-08-07 09:36:35,869 [INFO] WebApp:414 - Apply proxy settings
2024-08-07 09:36:35,874 [INFO] WebApp:459 - Chromium authenticates against Manually configured proxy
2024-08-07 09:36:35,891 [INFO] WebApp:467 - Username used for proxy authentication: 
2024-08-07 09:36:36,036 [INFO] WebApp:192 - Starting web application
2024-08-07 09:36:36,036 [INFO] WebApp:544 - Web application path used /Applications/STM32CubeIDE.app/Contents/Eclipse/plugins/com.st.stm32cube.common.mx_6.11.1.202404110753/db/plugins/mcufinder/reactClient1/index.html
2024-08-07 09:36:36,344 [ERROR] ServerAccessManage:1089 - Problem, file not found on Server
2024-08-07 09:36:37,270 [ERROR] ServerAccessManage:1089 - Problem, file not found on Server
2024-08-07 09:36:37,975 [WARN] MainUpdater:1194 - Updater busy. Cannot search thirdparties
2024-08-07 09:36:37,976 [INFO] ThirdPartyUpdaterWithRetryManager:96 - Updater plugin is busy. [5/15]
2024-08-07 09:36:38,190 [ERROR] ServerAccessManage:1089 - Problem, file not found on Server
2024-08-07 09:36:38,641 [INFO] ServerAccessManage:473 - Download File STMicroelectronics.X-CUBE-TOF1.pdsc
2024-08-07 09:36:40,404 [ERROR] ServerAccessManage:1089 - Problem, file not found on Server
2024-08-07 09:36:40,985 [WARN] MainUpdater:1194 - Updater busy. Cannot search thirdparties
2024-08-07 09:36:40,989 [INFO] ThirdPartyUpdaterWithRetryManager:96 - Updater plugin is busy. [6/15]
2024-08-07 09:36:42,499 [INFO] ServerAccessManage:473 - Download File wolfSSL.I-CUBE-wolfTPM.pdsc
2024-08-07 09:36:43,992 [WARN] MainUpdater:1194 - Updater busy. Cannot search thirdparties
2024-08-07 09:36:43,993 [INFO] ThirdPartyUpdaterWithRetryManager:96 - Updater plugin is busy. [7/15]
2024-08-07 09:36:44,809 [INFO] ServerAccessManage:473 - Download File wolfSSL.I-CUBE-wolfSSH.pdsc
2024-08-07 09:36:46,999 [WARN] MainUpdater:1194 - Updater busy. Cannot search thirdparties
2024-08-07 09:36:47,000 [INFO] ThirdPartyUpdaterWithRetryManager:96 - Updater plugin is busy. [8/15]
2024-08-07 09:36:48,091 [INFO] ServerAccessManage:473 - Download File RealThread.X-CUBE-RT-Thread_Nano.pdsc
2024-08-07 09:36:49,884 [INFO] ServerAccessManage:473 - Download File EmbeddedOffice.I-CUBE-FS-RTOS.pdsc
2024-08-07 09:36:50,003 [WARN] MainUpdater:1194 - Updater busy. Cannot search thirdparties
2024-08-07 09:36:50,004 [INFO] ThirdPartyUpdaterWithRetryManager:96 - Updater plugin is busy. [9/15]
2024-08-07 09:36:50,441 [WARN] PackLoader:240 - Cannot read IP mode file for STMicroelectronics.FP-SNS-STBOX1.2.0.0
2024-08-07 09:36:50,520 [WARN] PackLoader:240 - Cannot read IP mode file for STMicroelectronics.X-CUBE-DPower.1.2.0
2024-08-07 09:36:50,577 [WARN] PackLoader:240 - Cannot read IP mode file for STMicroelectronics.X-CUBE-TOF1.3.4.2
2024-08-07 09:36:50,631 [INFO] CheckServerUpdateThread:120 - End of CheckServer Thread
2024-08-07 09:36:50,672 [WARN] PackLoader:240 - Cannot read IP mode file for wolfSSL.I-CUBE-wolfTPM.3.2.0
2024-08-07 09:36:50,681 [WARN] PackLoader:240 - Cannot read IP mode file for wolfSSL.I-CUBE-wolfSSH.1.4.17
2024-08-07 09:36:50,691 [WARN] PackLoader:240 - Cannot read IP mode file for RealThread.X-CUBE-RT-Thread_Nano.4.1.1
2024-08-07 09:36:50,753 [WARN] PackLoader:240 - Cannot read IP mode file for EmbeddedOffice.I-CUBE-FS-RTOS.1.0.1
2024-08-07 09:36:50,759 [ERROR] ConditionMgr:805 - Attr not supported : Dmpu
2024-08-07 09:36:50,761 [ERROR] ConditionMgr:805 - Attr not supported : Dmpu
2024-08-07 09:36:50,761 [ERROR] ConditionMgr:805 - Attr not supported : Dmpu
2024-08-07 09:36:50,762 [ERROR] ConditionMgr:805 - Attr not supported : Dmpu
2024-08-07 09:36:50,762 [ERROR] ConditionMgr:805 - Attr not supported : Dmpu
2024-08-07 09:36:50,762 [ERROR] ConditionMgr:805 - Attr not supported : Dmpu
2024-08-07 09:36:50,763 [ERROR] ConditionMgr:805 - Attr not supported : Dmpu
2024-08-07 09:36:50,763 [ERROR] ConditionMgr:805 - Attr not supported : Dmpu
2024-08-07 09:36:50,763 [ERROR] ConditionMgr:805 - Attr not supported : Dmpu
2024-08-07 09:36:50,764 [ERROR] ConditionMgr:805 - Attr not supported : Dmpu
2024-08-07 09:36:50,764 [ERROR] ConditionMgr:805 - Attr not supported : Dmpu
2024-08-07 09:36:50,764 [ERROR] ConditionMgr:805 - Attr not supported : Dmpu
2024-08-07 09:36:50,764 [ERROR] ConditionMgr:805 - Attr not supported : Dmpu
2024-08-07 09:36:50,764 [ERROR] ConditionMgr:805 - Attr not supported : Dmpu
2024-08-07 09:36:50,764 [ERROR] ConditionMgr:805 - Attr not supported : Dmpu
2024-08-07 09:36:50,764 [ERROR] ConditionMgr:805 - Attr not supported : Dmpu
2024-08-07 09:36:50,764 [ERROR] ConditionMgr:805 - Attr not supported : Dmpu
2024-08-07 09:36:50,764 [ERROR] ConditionMgr:805 - Attr not supported : Dmpu
2024-08-07 09:36:50,764 [ERROR] ConditionMgr:805 - Attr not supported : Dmpu
2024-08-07 09:36:50,764 [ERROR] ConditionMgr:805 - Attr not supported : Dmpu
2024-08-07 09:36:50,764 [ERROR] ConditionMgr:805 - Attr not supported : Dmpu
2024-08-07 09:36:50,764 [ERROR] ConditionMgr:805 - Attr not supported : Dmpu
2024-08-07 09:36:50,764 [ERROR] ConditionMgr:805 - Attr not supported : Dmpu
2024-08-07 09:36:50,764 [ERROR] ConditionMgr:805 - Attr not supported : Dmpu
2024-08-07 09:36:50,764 [ERROR] ConditionMgr:805 - Attr not supported : Dmpu
2024-08-07 09:36:50,764 [ERROR] ConditionMgr:805 - Attr not supported : Dmpu
2024-08-07 09:36:50,764 [ERROR] ConditionMgr:805 - Attr not supported : Dmpu
2024-08-07 09:36:50,764 [ERROR] ConditionMgr:805 - Attr not supported : Dmpu
2024-08-07 09:36:50,765 [ERROR] ConditionMgr:805 - Attr not supported : Dmpu
2024-08-07 09:36:50,765 [ERROR] ConditionMgr:805 - Attr not supported : Dmpu
2024-08-07 09:36:50,765 [ERROR] ConditionMgr:805 - Attr not supported : Dmpu
2024-08-07 09:36:50,765 [ERROR] ConditionMgr:805 - Attr not supported : Dmpu
2024-08-07 09:36:50,765 [ERROR] ConditionMgr:805 - Attr not supported : Dmpu
2024-08-07 09:36:50,765 [ERROR] ConditionMgr:805 - Attr not supported : Dmpu
2024-08-07 09:36:50,765 [ERROR] ConditionMgr:805 - Attr not supported : Dmpu
2024-08-07 09:36:50,765 [ERROR] ConditionMgr:805 - Attr not supported : Dmpu
2024-08-07 09:36:50,765 [ERROR] ConditionMgr:805 - Attr not supported : Dmpu
2024-08-07 09:36:50,766 [ERROR] ConditionMgr:805 - Attr not supported : Dmpu
2024-08-07 09:36:50,766 [ERROR] ConditionMgr:805 - Attr not supported : Dmpu
2024-08-07 09:36:50,766 [ERROR] ConditionMgr:805 - Attr not supported : Dmpu
2024-08-07 09:36:50,766 [ERROR] ConditionMgr:805 - Attr not supported : Dmpu
2024-08-07 09:36:50,766 [ERROR] ConditionMgr:805 - Attr not supported : Dmpu
2024-08-07 09:36:50,766 [ERROR] ConditionMgr:805 - Attr not supported : Dmpu
2024-08-07 09:36:50,766 [ERROR] ConditionMgr:805 - Attr not supported : Dmpu
2024-08-07 09:36:50,766 [ERROR] ConditionMgr:805 - Attr not supported : Dmpu
2024-08-07 09:36:50,766 [ERROR] ConditionMgr:805 - Attr not supported : Dmpu
2024-08-07 09:36:50,766 [ERROR] ConditionMgr:805 - Attr not supported : Dmpu
2024-08-07 09:36:50,766 [ERROR] ConditionMgr:805 - Attr not supported : Dmpu
2024-08-07 09:36:50,766 [ERROR] ConditionMgr:805 - Attr not supported : Dmpu
2024-08-07 09:36:50,766 [ERROR] ConditionMgr:805 - Attr not supported : Dmpu
2024-08-07 09:36:50,766 [ERROR] ConditionMgr:805 - Attr not supported : Dmpu
2024-08-07 09:36:50,766 [ERROR] ConditionMgr:805 - Attr not supported : Dmpu
2024-08-07 09:36:50,766 [ERROR] ConditionMgr:805 - Attr not supported : Dmpu
2024-08-07 09:36:50,766 [ERROR] ConditionMgr:805 - Attr not supported : Dmpu
2024-08-07 09:36:50,766 [ERROR] ConditionMgr:805 - Attr not supported : Dmpu
2024-08-07 09:36:50,767 [ERROR] ConditionMgr:805 - Attr not supported : Dmpu
2024-08-07 09:36:50,767 [ERROR] ConditionMgr:805 - Attr not supported : Dmpu
2024-08-07 09:36:50,767 [ERROR] ConditionMgr:805 - Attr not supported : Dmpu
2024-08-07 09:36:50,767 [ERROR] ConditionMgr:805 - Attr not supported : Dmpu
2024-08-07 09:36:50,767 [ERROR] ConditionMgr:805 - Attr not supported : Dmpu
2024-08-07 09:36:50,767 [ERROR] ConditionMgr:805 - Attr not supported : Dmpu
2024-08-07 09:36:50,767 [ERROR] ConditionMgr:805 - Attr not supported : Dmpu
2024-08-07 09:36:50,767 [ERROR] ConditionMgr:805 - Attr not supported : Dmpu
2024-08-07 09:36:50,767 [ERROR] ConditionMgr:805 - Attr not supported : Dmpu
2024-08-07 09:36:50,769 [INFO] PopulateThirdPartyThread:66 - Ending populate Thread
2024-08-07 09:36:50,781 [INFO] ThirdParty:1030 - CMSIS Pack Vendor :STMicroelectronics FP-SNS-STBOX1 2.0.0
2024-08-07 09:36:50,781 [INFO] ThirdParty:1030 - CMSIS Pack Vendor :EmbeddedOffice I-CUBE-FS-RTOS 1.0.1
2024-08-07 09:36:50,781 [INFO] ThirdParty:1030 - CMSIS Pack Vendor :STMicroelectronics X-CUBE-TOF1 3.4.2
2024-08-07 09:36:50,781 [INFO] ThirdParty:1030 - CMSIS Pack Vendor :RealThread X-CUBE-RT-Thread_Nano 4.1.1
2024-08-07 09:36:50,781 [INFO] ThirdParty:1030 - CMSIS Pack Vendor :wolfSSL I-CUBE-wolfTPM 3.2.0
2024-08-07 09:36:50,781 [INFO] ThirdParty:1030 - CMSIS Pack Vendor :STMicroelectronics X-CUBE-DPower 1.2.0
2024-08-07 09:36:50,781 [INFO] ThirdParty:1030 - CMSIS Pack Vendor :wolfSSL I-CUBE-wolfSSH 1.4.17
2024-08-07 09:36:50,782 [INFO] LoadServerUpdatesThread:375 - End of LoadServerUpdate Thread
2024-08-07 09:36:53,175 [WARN] PackLoader:240 - Cannot read IP mode file for STMicroelectronics.FP-SNS-MOTENVWB1.1.4.0
2024-08-07 09:36:53,187 [WARN] PackLoader:240 - Cannot read IP mode file for STMicroelectronics.X-CUBE-SMBUS.2.1.0
2024-08-07 09:36:53,194 [WARN] PackLoader:240 - Cannot read IP mode file for STMicroelectronics.X-CUBE-TOUCHGFX.4.23.0
2024-08-07 09:36:53,200 [WARN] PackLoader:240 - Cannot read IP mode file for STMicroelectronics.X-CUBE-TOUCHGFX.4.23.2
2024-08-07 09:36:53,242 [WARN] PackLoader:240 - Cannot read IP mode file for STMicroelectronics.X-CUBE-AZRTOS-F7.1.1.0
2024-08-07 09:36:53,267 [WARN] PackLoader:240 - Cannot read IP mode file for STMicroelectronics.FP-SNS-MOTENV1.4.3.2
2024-08-07 09:36:53,281 [WARN] PackLoader:240 - Cannot read IP mode file for STMicroelectronics.FP-SNS-FLIGHT1.5.0.2
2024-08-07 09:36:53,293 [WARN] PackLoader:240 - Cannot read IP mode file for STMicroelectronics.X-CUBE-DISPLAY.3.0.0
2024-08-07 09:36:53,309 [WARN] PackLoader:240 - Cannot read IP mode file for STMicroelectronics.X-CUBE-BLE1.7.0.0
2024-08-07 09:36:53,320 [WARN] PackLoader:240 - Cannot read IP mode file for emotas.I-CUBE-CANOPEN.1.3.0
2024-08-07 09:36:53,347 [WARN] PackLoader:240 - Cannot read IP mode file for STMicroelectronics.X-CUBE-BLEMGR.3.1.0
2024-08-07 09:36:53,388 [WARN] PackLoader:240 - Cannot read IP mode file for STMicroelectronics.FP-SNS-SMARTAG2.1.2.0
2024-08-07 09:36:53,418 [INFO] LogOutputStream:77 - [STDOUT_REDIRECT] 1 : Invalid condition id : UX_CORESTACK_Condition cause : null
2024-08-07 09:36:53,421 [INFO] LogOutputStream:77 - [STDOUT_REDIRECT] 1 : Invalid condition id : UX_CORESTACK_Condition cause : null
2024-08-07 09:36:53,422 [INFO] LogOutputStream:77 - [STDOUT_REDIRECT] 1 : Invalid condition id : UX_CORESTACK_Condition cause : null
2024-08-07 09:36:53,422 [INFO] LogOutputStream:77 - [STDOUT_REDIRECT] 1 : Invalid condition id : UX_CORESTACK_Condition cause : null
2024-08-07 09:36:53,423 [INFO] LogOutputStream:77 - [STDOUT_REDIRECT] 1 : Invalid condition id : UX_CORESTACK_Condition cause : null
2024-08-07 09:36:53,429 [WARN] PackLoader:240 - Cannot read IP mode file for STMicroelectronics.X-CUBE-AZRTOS-WL.2.0.0
2024-08-07 09:36:53,445 [WARN] PackLoader:240 - Cannot read IP mode file for STMicroelectronics.FP-SNS-MOTENV1.5.0.0
2024-08-07 09:36:53,455 [WARN] PackLoader:240 - Cannot read IP mode file for wolfSSL.I-CUBE-wolfMQTT.1.19.0
2024-08-07 09:36:53,465 [WARN] PackLoader:240 - Cannot read IP mode file for WES.I-CUBE-Cesium.1.3.0
2024-08-07 09:36:53,474 [WARN] PackLoader:240 - Cannot read IP mode file for STMicroelectronics.X-CUBE-BLE2.3.3.0
2024-08-07 09:36:53,480 [WARN] PackLoader:240 - Cannot read IP mode file for STMicroelectronics.X-CUBE-TCPP.4.1.0
2024-08-07 09:36:53,488 [WARN] PackLoader:240 - Cannot read IP mode file for STMicroelectronics.X-CUBE-ALGOBUILD.1.3.0
2024-08-07 09:36:53,516 [WARN] PackLoader:240 - Cannot read IP mode file for STMicroelectronics.X-CUBE-AZRTOS-G0.1.1.0
2024-08-07 09:36:53,531 [WARN] PackLoader:240 - Cannot read IP mode file for STMicroelectronics.X-CUBE-SAFEA1.1.2.2
2024-08-07 09:36:53,538 [WARN] PackLoader:240 - Cannot read IP mode file for STMicroelectronics.X-CUBE-NFC4.3.0.0
2024-08-07 09:36:53,547 [WARN] PackLoader:240 - Cannot read IP mode file for EmbeddedOffice.I-CUBE-FS-RTOS.1.0.1
2024-08-07 09:36:53,547 [ERROR] ConditionMgr:805 - Attr not supported : Dmpu
2024-08-07 09:36:53,547 [ERROR] ConditionMgr:805 - Attr not supported : Dmpu
2024-08-07 09:36:53,547 [ERROR] ConditionMgr:805 - Attr not supported : Dmpu
2024-08-07 09:36:53,547 [ERROR] ConditionMgr:805 - Attr not supported : Dmpu
2024-08-07 09:36:53,548 [ERROR] ConditionMgr:805 - Attr not supported : Dmpu
2024-08-07 09:36:53,548 [ERROR] ConditionMgr:805 - Attr not supported : Dmpu
2024-08-07 09:36:53,548 [ERROR] ConditionMgr:805 - Attr not supported : Dmpu
2024-08-07 09:36:53,548 [ERROR] ConditionMgr:805 - Attr not supported : Dmpu
2024-08-07 09:36:53,548 [ERROR] ConditionMgr:805 - Attr not supported : Dmpu
2024-08-07 09:36:53,548 [ERROR] ConditionMgr:805 - Attr not supported : Dmpu
2024-08-07 09:36:53,548 [ERROR] ConditionMgr:805 - Attr not supported : Dmpu
2024-08-07 09:36:53,548 [ERROR] ConditionMgr:805 - Attr not supported : Dmpu
2024-08-07 09:36:53,548 [ERROR] ConditionMgr:805 - Attr not supported : Dmpu
2024-08-07 09:36:53,548 [ERROR] ConditionMgr:805 - Attr not supported : Dmpu
2024-08-07 09:36:53,548 [ERROR] ConditionMgr:805 - Attr not supported : Dmpu
2024-08-07 09:36:53,548 [ERROR] ConditionMgr:805 - Attr not supported : Dmpu
2024-08-07 09:36:53,548 [ERROR] ConditionMgr:805 - Attr not supported : Dmpu
2024-08-07 09:36:53,548 [ERROR] ConditionMgr:805 - Attr not supported : Dmpu
2024-08-07 09:36:53,548 [ERROR] ConditionMgr:805 - Attr not supported : Dmpu
2024-08-07 09:36:53,548 [ERROR] ConditionMgr:805 - Attr not supported : Dmpu
2024-08-07 09:36:53,548 [ERROR] ConditionMgr:805 - Attr not supported : Dmpu
2024-08-07 09:36:53,548 [ERROR] ConditionMgr:805 - Attr not supported : Dmpu
2024-08-07 09:36:53,548 [ERROR] ConditionMgr:805 - Attr not supported : Dmpu
2024-08-07 09:36:53,548 [ERROR] ConditionMgr:805 - Attr not supported : Dmpu
2024-08-07 09:36:53,548 [ERROR] ConditionMgr:805 - Attr not supported : Dmpu
2024-08-07 09:36:53,548 [ERROR] ConditionMgr:805 - Attr not supported : Dmpu
2024-08-07 09:36:53,548 [ERROR] ConditionMgr:805 - Attr not supported : Dmpu
2024-08-07 09:36:53,548 [ERROR] ConditionMgr:805 - Attr not supported : Dmpu
2024-08-07 09:36:53,548 [ERROR] ConditionMgr:805 - Attr not supported : Dmpu
2024-08-07 09:36:53,548 [ERROR] ConditionMgr:805 - Attr not supported : Dmpu
2024-08-07 09:36:53,548 [ERROR] ConditionMgr:805 - Attr not supported : Dmpu
2024-08-07 09:36:53,549 [ERROR] ConditionMgr:805 - Attr not supported : Dmpu
2024-08-07 09:36:53,549 [ERROR] ConditionMgr:805 - Attr not supported : Dmpu
2024-08-07 09:36:53,549 [ERROR] ConditionMgr:805 - Attr not supported : Dmpu
2024-08-07 09:36:53,549 [ERROR] ConditionMgr:805 - Attr not supported : Dmpu
2024-08-07 09:36:53,549 [ERROR] ConditionMgr:805 - Attr not supported : Dmpu
2024-08-07 09:36:53,549 [ERROR] ConditionMgr:805 - Attr not supported : Dmpu
2024-08-07 09:36:53,549 [ERROR] ConditionMgr:805 - Attr not supported : Dmpu
2024-08-07 09:36:53,549 [ERROR] ConditionMgr:805 - Attr not supported : Dmpu
2024-08-07 09:36:53,549 [ERROR] ConditionMgr:805 - Attr not supported : Dmpu
2024-08-07 09:36:53,549 [ERROR] ConditionMgr:805 - Attr not supported : Dmpu
2024-08-07 09:36:53,550 [ERROR] ConditionMgr:805 - Attr not supported : Dmpu
2024-08-07 09:36:53,550 [ERROR] ConditionMgr:805 - Attr not supported : Dmpu
2024-08-07 09:36:53,550 [ERROR] ConditionMgr:805 - Attr not supported : Dmpu
2024-08-07 09:36:53,550 [ERROR] ConditionMgr:805 - Attr not supported : Dmpu
2024-08-07 09:36:53,550 [ERROR] ConditionMgr:805 - Attr not supported : Dmpu
2024-08-07 09:36:53,550 [ERROR] ConditionMgr:805 - Attr not supported : Dmpu
2024-08-07 09:36:53,550 [ERROR] ConditionMgr:805 - Attr not supported : Dmpu
2024-08-07 09:36:53,551 [ERROR] ConditionMgr:805 - Attr not supported : Dmpu
2024-08-07 09:36:53,551 [ERROR] ConditionMgr:805 - Attr not supported : Dmpu
2024-08-07 09:36:53,551 [ERROR] ConditionMgr:805 - Attr not supported : Dmpu
2024-08-07 09:36:53,551 [ERROR] ConditionMgr:805 - Attr not supported : Dmpu
2024-08-07 09:36:53,551 [ERROR] ConditionMgr:805 - Attr not supported : Dmpu
2024-08-07 09:36:53,551 [ERROR] ConditionMgr:805 - Attr not supported : Dmpu
2024-08-07 09:36:53,551 [ERROR] ConditionMgr:805 - Attr not supported : Dmpu
2024-08-07 09:36:53,551 [ERROR] ConditionMgr:805 - Attr not supported : Dmpu
2024-08-07 09:36:53,551 [ERROR] ConditionMgr:805 - Attr not supported : Dmpu
2024-08-07 09:36:53,551 [ERROR] ConditionMgr:805 - Attr not supported : Dmpu
2024-08-07 09:36:53,551 [ERROR] ConditionMgr:805 - Attr not supported : Dmpu
2024-08-07 09:36:53,551 [ERROR] ConditionMgr:805 - Attr not supported : Dmpu
2024-08-07 09:36:53,551 [ERROR] ConditionMgr:805 - Attr not supported : Dmpu
2024-08-07 09:36:53,551 [ERROR] ConditionMgr:805 - Attr not supported : Dmpu
2024-08-07 09:36:53,551 [ERROR] ConditionMgr:805 - Attr not supported : Dmpu
2024-08-07 09:36:53,551 [ERROR] ConditionMgr:805 - Attr not supported : Dmpu
2024-08-07 09:36:53,568 [WARN] PackLoader:240 - Cannot read IP mode file for STMicroelectronics.X-CUBE-BLEMGR.3.0.0
2024-08-07 09:36:53,575 [WARN] PackLoader:240 - Cannot read IP mode file for RealThread.X-CUBE-RT-Thread_Nano.4.1.1
2024-08-07 09:36:53,577 [WARN] PackLoader:240 - Cannot read IP mode file for STMicroelectronics.FP-ATR-SIGFOX1.3.2.0
2024-08-07 09:36:53,582 [WARN] PackLoader:240 - Cannot read IP mode file for STMicroelectronics.X-CUBE-EEPRMA1.5.1.0
2024-08-07 09:36:53,636 [WARN] PackLoader:240 - Cannot read IP mode file for SEGGER.I-CUBE-embOS.1.3.1
2024-08-07 09:36:53,709 [WARN] PackLoader:240 - Cannot read IP mode file for STMicroelectronics.X-CUBE-ALGOBUILD.1.4.0
2024-08-07 09:36:53,733 [WARN] PackLoader:240 - Cannot read IP mode file for STMicroelectronics.X-CUBE-GNSS1.6.0.0
2024-08-07 09:36:53,753 [WARN] PackLoader:240 - Cannot read IP mode file for STMicroelectronics.X-CUBE-AZRTOS-F4.1.1.0
2024-08-07 09:36:53,761 [WARN] PackLoader:240 - Cannot read IP mode file for STMicroelectronics.X-CUBE-FREERTOS.1.2.0
2024-08-07 09:36:53,769 [WARN] PackLoader:240 - Cannot read IP mode file for wolfSSL.I-CUBE-wolfSSL.5.6.6
2024-08-07 09:36:53,786 [WARN] PackLoader:240 - Cannot read IP mode file for STMicroelectronics.X-CUBE-AZRTOS-L5.2.0.0
2024-08-07 09:36:53,793 [WARN] PackLoader:240 - Cannot read IP mode file for STMicroelectronics.X-CUBE-EEPRMA1.4.2.0
2024-08-07 09:36:53,802 [WARN] PackLoader:240 - Cannot read IP mode file for STMicroelectronics.X-CUBE-NFC6.3.1.0
2024-08-07 09:36:53,808 [WARN] PackLoader:240 - Cannot read IP mode file for ITTIA_DB.I-CUBE-ITTIADB.8.8.0
2024-08-07 09:36:53,814 [WARN] PackLoader:240 - Cannot read IP mode file for STMicroelectronics.X-CUBE-DPower.1.2.0
2024-08-07 09:36:53,819 [WARN] PackLoader:240 - Cannot read IP mode file for STMicroelectronics.X-CUBE-AI.9.0.0
2024-08-07 09:36:53,824 [WARN] PackLoader:240 - Cannot read IP mode file for STMicroelectronics.X-CUBE-NFC7.1.0.1
2024-08-07 09:36:53,826 [WARN] PackLoader:240 - Cannot read IP mode file for wolfSSL.I-CUBE-wolfTPM.3.2.0
2024-08-07 09:36:53,841 [WARN] PackLoader:240 - Cannot read IP mode file for STMicroelectronics.X-CUBE-NFC6.3.0.0
2024-08-07 09:36:53,846 [WARN] PackLoader:240 - Cannot read IP mode file for STMicroelectronics.X-CUBE-AI.8.1.0
2024-08-07 09:36:53,867 [WARN] ConditionMgr:438 - getConditionDescription Invalid condition id : LAN8742 Phy interface Condition cause : null
2024-08-07 09:36:53,868 [WARN] PackLoader:240 - Cannot read IP mode file for STMicroelectronics.X-CUBE-AZRTOS-L4.2.0.0
2024-08-07 09:36:53,871 [WARN] ConditionMgr:1039 - genDependencies : Invalid condition id : LAN8742 Phy interface Condition cause : null
2024-08-07 09:36:53,872 [WARN] ConditionMgr:1039 - genDependencies : Invalid condition id : LAN8742 Phy interface Condition cause : null
2024-08-07 09:36:53,873 [WARN] ConditionMgr:1039 - genDependencies : Invalid condition id : LAN8742 Phy interface Condition cause : null
2024-08-07 09:36:53,880 [WARN] PackLoader:240 - Cannot read IP mode file for STMicroelectronics.X-CUBE-SFXS2LP1.4.0.0
2024-08-07 09:36:53,895 [WARN] ConditionMgr:438 - getConditionDescription Invalid condition id : UX DEVICE CLASS RTOS Condition cause : null
2024-08-07 09:36:53,895 [WARN] ConditionMgr:438 - getConditionDescription Invalid condition id : UX DEVICE CLASS RTOS Condition cause : null
2024-08-07 09:36:53,899 [WARN] PackLoader:240 - Cannot read IP mode file for STMicroelectronics.X-CUBE-AZRTOS-WB.2.0.0
2024-08-07 09:36:53,902 [WARN] ConditionMgr:1039 - genDependencies : Invalid condition id : UX DEVICE CLASS RTOS Condition cause : null
2024-08-07 09:36:53,902 [WARN] ConditionMgr:1039 - genDependencies : Invalid condition id : UX DEVICE CLASS RTOS Condition cause : null
2024-08-07 09:36:53,903 [WARN] ConditionMgr:1039 - genDependencies : Invalid condition id : UX DEVICE CLASS RTOS Condition cause : null
2024-08-07 09:36:53,904 [WARN] ConditionMgr:1039 - genDependencies : Invalid condition id : UX DEVICE CLASS RTOS Condition cause : null
2024-08-07 09:36:53,904 [WARN] ConditionMgr:1039 - genDependencies : Invalid condition id : UX DEVICE CLASS RTOS Condition cause : null
2024-08-07 09:36:53,916 [WARN] PackLoader:240 - Cannot read IP mode file for STMicroelectronics.FP-SNS-STBOX1.2.0.0
2024-08-07 09:36:53,936 [WARN] PackLoader:240 - Cannot read IP mode file for STMicroelectronics.X-CUBE-SUBG2.5.0.0
2024-08-07 09:36:53,947 [WARN] PackLoader:240 - Cannot read IP mode file for Cesanta.I-CUBE-Mongoose.7.13.0
2024-08-07 09:36:53,961 [WARN] PackLoader:240 - Cannot read IP mode file for STMicroelectronics.X-CUBE-AZRTOS-G4.2.0.0
2024-08-07 09:36:53,978 [WARN] PackLoader:240 - Cannot read IP mode file for Infineon.AIROC-Wi-Fi-Bluetooth-STM32.1.5.1
2024-08-07 09:36:53,998 [WARN] PackLoader:240 - Cannot read IP mode file for STMicroelectronics.FP-SNS-MOTENVWB1.1.3.1
2024-08-07 09:36:54,014 [WARN] PackLoader:240 - Cannot read IP mode file for STMicroelectronics.X-CUBE-ALS.1.0.2
2024-08-07 09:36:54,071 [WARN] PackLoader:240 - Cannot read IP mode file for STMicroelectronics.X-CUBE-MEMS1.10.0.0
2024-08-07 09:36:54,157 [WARN] PackLoader:240 - Cannot read IP mode file for STMicroelectronics.X-CUBE-FREERTOS.1.1.0
2024-08-07 09:36:54,162 [WARN] PackLoader:240 - Cannot read IP mode file for STMicroelectronics.X-CUBE-TOUCHGFX.4.24.0
2024-08-07 09:36:54,166 [WARN] PackLoader:240 - Cannot read IP mode file for portGmbH.I-Cube-SoM-uGOAL.1.1.0
2024-08-07 09:36:54,169 [WARN] PackLoader:240 - Cannot read IP mode file for STMicroelectronics.X-CUBE-ALS.1.0.1
2024-08-07 09:36:54,187 [WARN] PackLoader:240 - Cannot read IP mode file for STMicroelectronics.X-CUBE-AZRTOS-H7RS.1.0.0
2024-08-07 09:36:54,193 [WARN] PackLoader:240 - Cannot read IP mode file for STMicroelectronics.FP-ATR-ASTRA1.2.0.0
2024-08-07 09:36:54,203 [WARN] PackLoader:240 - Cannot read IP mode file for STMicroelectronics.X-CUBE-TOF1.3.4.2
2024-08-07 09:36:54,219 [WARN] PackLoader:240 - Cannot read IP mode file for STMicroelectronics.X-CUBE-TOF1.3.4.0
2024-08-07 09:36:54,237 [WARN] PackLoader:240 - Cannot read IP mode file for STMicroelectronics.X-CUBE-TOF1.3.4.1
2024-08-07 09:36:54,264 [WARN] PackLoader:240 - Cannot read IP mode file for STMicroelectronics.X-CUBE-AZRTOS-H7.3.2.0
2024-08-07 09:36:54,270 [WARN] PackLoader:240 - Cannot read IP mode file for wolfSSL.I-CUBE-wolfSSH.1.4.17
2024-08-07 09:36:54,270 [INFO] ThirdParty:978 - Integrity check success = true
2024-08-07 09:36:54,271 [INFO] IntegrityCheckThread:100 - exiting critical section [integrity check]
2024-08-07 09:36:54,271 [INFO] IntegrityCheckThread:103 - End integrity checks thread
2024-08-07 09:53:31,781 [ERROR] LogOutputStream:75 - [STDERR_REDIRECT] 
