2024-06-27 08:57:34,129 [INFO] Activator:176 - 


2024-06-27 08:57:34,133 [INFO] Activator:177 - !SESSION log4j initialized
2024-06-27 08:57:37,565 [INFO] LogOutputStream:77 - [STDOUT_REDIRECT] 
2024-06-27 08:57:39,112 [ERROR] LogOutputStream:75 - [STDERR_REDIRECT] 
2024-06-27 08:57:41,296 [INFO] LogOutputStream:77 - [STDOUT_REDIRECT] 
2024-06-27 08:57:42,761 [INFO] ApplicationProperties:184 - Using Application install path: /Applications/STM32CubeIDE.app/Contents/Eclipse/plugins/com.st.stm32cube.common.mx_6.11.1.202404110753
2024-06-27 08:57:42,776 [INFO] DbMcusXml:78 - Set database path to: /Applications/STM32CubeIDE.app/Contents/Eclipse/plugins/com.st.stm32cube.common.mx_6.11.1.202404110753//db//mcu/
2024-06-27 08:57:42,777 [INFO] ApiDb:274 - Set plugin database path to: /Applications/STM32CubeIDE.app/Contents/Eclipse/plugins/com.st.stm32cube.common.mx_6.11.1.202404110753//db//plugins/boardmanager/
2024-06-27 08:57:42,778 [WARN] ApiDb:259 - Overriding images path with different value:  => /Applications/STM32CubeIDE.app/Contents/Eclipse/plugins/com.st.stm32cube.common.mx_6.11.1.202404110753//db//plugins/mcufinder/images/
2024-06-27 08:57:42,784 [INFO] ApiDb:250 - Set database path to: /Users/naveensagar/.stmcufinder/plugins/mcufinder//mcu/
2024-06-27 08:57:42,784 [INFO] DbMcusAds:125 - Set database path to: /Users/naveensagar/.stmcufinder/plugins/mcufinder//mcu/
2024-06-27 08:57:42,785 [INFO] CrossReferenceDbSqlite:203 - Set database path to: /Users/naveensagar/.stmcufinder/plugins/mcufinder//mcu/cs/
2024-06-27 08:57:42,891 [INFO] RulesReader:64 - Compatibility file has been processed (297 Rules)
2024-06-27 08:57:42,942 [INFO] DbMcusXml:78 - Set database path to: /Applications/STM32CubeIDE.app/Contents/Eclipse/plugins/com.st.stm32cube.common.mx_6.11.1.202404110753//db//mcu/
2024-06-27 08:57:42,942 [INFO] ApiDb:274 - Set plugin database path to: /Applications/STM32CubeIDE.app/Contents/Eclipse/plugins/com.st.stm32cube.common.mx_6.11.1.202404110753//db//plugins/boardmanager/
2024-06-27 08:57:42,943 [INFO] ApiDb:261 - Set plugin images path to: /Applications/STM32CubeIDE.app/Contents/Eclipse/plugins/com.st.stm32cube.common.mx_6.11.1.202404110753//db//plugins/mcufinder/images/
2024-06-27 08:57:42,943 [WARN] DbFile:41 - Overriding database path with different value: /Users/naveensagar/.stmcufinder/plugins/mcufinder/ => /Users/naveensagar/.stmcufinder/plugins/mcufinder
2024-06-27 08:57:42,943 [INFO] ApiDb:250 - Set database path to: /Users/naveensagar/.stmcufinder/plugins/mcufinder//mcu/
2024-06-27 08:57:42,944 [WARN] DbFile:41 - Overriding database path with different value: /Users/naveensagar/.stmcufinder/plugins/mcufinder/ => /Users/naveensagar/.stmcufinder/plugins/mcufinder
2024-06-27 08:57:42,944 [INFO] DbMcusAds:125 - Set database path to: /Users/naveensagar/.stmcufinder/plugins/mcufinder//mcu/
2024-06-27 08:57:42,944 [WARN] DbFile:41 - Overriding database path with different value: /Users/naveensagar/.stmcufinder/plugins/mcufinder/ => /Users/naveensagar/.stmcufinder/plugins/mcufinder
2024-06-27 08:57:42,944 [WARN] DbFile:41 - Overriding database path with different value: /Users/naveensagar/.stmcufinder/plugins/mcufinder/ => /Users/naveensagar/.stmcufinder/plugins/mcufinder
2024-06-27 08:57:42,944 [INFO] CrossReferenceDbSqlite:203 - Set database path to: /Users/naveensagar/.stmcufinder/plugins/mcufinder//mcu/cs/
2024-06-27 08:57:43,004 [INFO] MainPanel:264 - HeapMemory: 268435456
2024-06-27 08:57:43,088 [INFO] DbMcusXml:78 - Set database path to: /Applications/STM32CubeIDE.app/Contents/Eclipse/plugins/com.st.stm32cube.common.mx_6.11.1.202404110753//db//mcu/
2024-06-27 08:57:43,089 [INFO] ApiDb:274 - Set plugin database path to: /Applications/STM32CubeIDE.app/Contents/Eclipse/plugins/com.st.stm32cube.common.mx_6.11.1.202404110753//db//plugins/boardmanager/
2024-06-27 08:57:43,089 [INFO] ApiDb:261 - Set plugin images path to: /Applications/STM32CubeIDE.app/Contents/Eclipse/plugins/com.st.stm32cube.common.mx_6.11.1.202404110753//db//plugins/mcufinder/images/
2024-06-27 08:57:43,089 [WARN] DbFile:41 - Overriding database path with different value: /Users/naveensagar/.stmcufinder/plugins/mcufinder/ => /Users/naveensagar/.stmcufinder/plugins/mcufinder
2024-06-27 08:57:43,090 [INFO] ApiDb:250 - Set database path to: /Users/naveensagar/.stmcufinder/plugins/mcufinder//mcu/
2024-06-27 08:57:43,090 [WARN] DbFile:41 - Overriding database path with different value: /Users/naveensagar/.stmcufinder/plugins/mcufinder/ => /Users/naveensagar/.stmcufinder/plugins/mcufinder
2024-06-27 08:57:43,090 [INFO] DbMcusAds:125 - Set database path to: /Users/naveensagar/.stmcufinder/plugins/mcufinder//mcu/
2024-06-27 08:57:43,090 [WARN] DbFile:41 - Overriding database path with different value: /Users/naveensagar/.stmcufinder/plugins/mcufinder/ => /Users/naveensagar/.stmcufinder/plugins/mcufinder
2024-06-27 08:57:43,090 [WARN] DbFile:41 - Overriding database path with different value: /Users/naveensagar/.stmcufinder/plugins/mcufinder/ => /Users/naveensagar/.stmcufinder/plugins/mcufinder
2024-06-27 08:57:43,090 [INFO] CrossReferenceDbSqlite:203 - Set database path to: /Users/naveensagar/.stmcufinder/plugins/mcufinder//mcu/cs/
2024-06-27 08:57:43,103 [INFO] ApplicationProperties:184 - Using Application install path: /Applications/STM32CubeIDE.app/Contents/Eclipse/plugins/com.st.stm32cube.common.mx_6.11.1.202404110753
2024-06-27 08:57:43,104 [INFO] PluginManage:196 - Search for loadable plugins [exclusion list=, ]
2024-06-27 08:57:43,105 [INFO] PluginManage:310 - Check plugin analytics
2024-06-27 08:57:43,407 [INFO] AnalyticsPlugin:253 - Accepted Software Licenses: 
2024-06-27 08:57:43,407 [INFO] AnalyticsPlugin:255 - Accepted CMSIS Pack Licenses: 
2024-06-27 08:57:43,407 [INFO] AnalyticsPlugin:257 - Accepted Firmware Licenses: FW.F4.1.28.0
2024-06-27 08:57:43,414 [INFO] PluginManage:359 - Loaded plugin analytics (category:tool,tabindex:-1)
2024-06-27 08:57:43,414 [INFO] PluginManage:310 - Check plugin cadmodel
2024-06-27 08:57:43,526 [ERROR] LogOutputStream:75 - [STDERR_REDIRECT] [Fatal Error] :2:10: DOCTYPE is disallowed when the feature "http://apache.org/xml/features/disallow-doctype-decl" set to true.
2024-06-27 08:57:43,527 [ERROR] LogOutputStream:75 - [STDERR_REDIRECT] 
2024-06-27 08:57:44,009 [INFO] CADModel:105 - Init CAD model plugin
2024-06-27 08:57:44,009 [INFO] PluginManage:359 - Loaded plugin cadmodel (category:power,tabindex:5)
2024-06-27 08:57:44,010 [INFO] PluginManage:310 - Check plugin clock
2024-06-27 08:57:44,023 [INFO] PluginManage:359 - Loaded plugin clock (category:base,tabindex:2)
2024-06-27 08:57:44,024 [INFO] PluginManage:310 - Check plugin ddr
2024-06-27 08:57:44,026 [INFO] PluginManage:359 - Loaded plugin ddr (category:tool,tabindex:6)
2024-06-27 08:57:44,026 [INFO] PluginManage:310 - Check plugin filemanager
2024-06-27 08:57:44,161 [INFO] PluginManage:359 - Loaded plugin filemanager (category:base,tabindex:10)
2024-06-27 08:57:44,161 [INFO] PluginManage:310 - Check plugin ipmanager
2024-06-27 08:57:44,170 [INFO] PluginManage:359 - Loaded plugin ipmanager (category:base,tabindex:5)
2024-06-27 08:57:44,171 [INFO] PluginManage:310 - Check plugin lpbam
2024-06-27 08:57:44,179 [INFO] PluginManage:359 - Loaded plugin lpbam (category:base,tabindex:0)
2024-06-27 08:57:44,179 [INFO] PluginManage:310 - Check plugin memorymap
2024-06-27 08:57:44,187 [INFO] PluginManage:359 - Loaded plugin memorymap (category:base,tabindex:4)
2024-06-27 08:57:44,187 [INFO] PluginManage:310 - Check plugin pinoutandconfiguration
2024-06-27 08:57:44,191 [INFO] PluginManage:359 - Loaded plugin pinoutandconfiguration (category:base,tabindex:1)
2024-06-27 08:57:44,191 [INFO] PluginManage:310 - Check plugin pinoutconfig
2024-06-27 08:57:44,279 [WARN] SupportedApi:132 - Cannot load RTOS API schema: s4s-elt-must-match.1: The content of 'definitions' must match (annotation?, (simpleType | complexType)?, (unique | key | keyref)*)). A problem was found starting at: attribute.
2024-06-27 08:57:44,424 [INFO] PluginManage:359 - Loaded plugin pinoutconfig (category:base,tabindex:0)
2024-06-27 08:57:44,425 [INFO] PluginManage:310 - Check plugin power
2024-06-27 08:57:44,444 [INFO] PluginManage:359 - Loaded plugin power (category:power,tabindex:4)
2024-06-27 08:57:44,444 [INFO] PluginManage:310 - Check plugin projectmanager
2024-06-27 08:57:44,469 [INFO] PluginManage:359 - Loaded plugin projectmanager (category:projectmanager,tabindex:3)
2024-06-27 08:57:44,470 [INFO] PluginManage:310 - Check plugin thirdparty
2024-06-27 08:57:44,629 [INFO] PluginManage:359 - Loaded plugin thirdparty (category:base,tabindex:-1)
2024-06-27 08:57:44,631 [INFO] PluginManage:310 - Check plugin tools
2024-06-27 08:57:44,629 [WARN] IntegrityCheckThread:84 - waiting for thirdparty lock release [integrity check]
2024-06-27 08:57:44,632 [INFO] IntegrityCheckThread:86 - entering critical section [integrity check]
2024-06-27 08:57:44,637 [INFO] ThirdPartyUpdaterWithRetryManager:70 - Updater plugin not ready yet. [1/15]
2024-06-27 08:57:44,641 [INFO] PluginManage:359 - Loaded plugin tools (category:base,tabindex:7)
2024-06-27 08:57:44,642 [INFO] PluginManage:310 - Check plugin tutovideos
2024-06-27 08:57:44,907 [INFO] PluginManage:359 - Loaded plugin tutovideos (category:base,tabindex:-1)
2024-06-27 08:57:44,908 [INFO] PluginManage:310 - Check plugin updater
2024-06-27 08:57:44,931 [INFO] PluginManage:359 - Loaded plugin updater (category:base,tabindex:12)
2024-06-27 08:57:44,932 [INFO] PluginManage:310 - Check plugin userauth
2024-06-27 08:57:44,945 [INFO] UserAuth:114 - Init User Auth plugin
2024-06-27 08:57:44,946 [INFO] PluginManage:359 - Loaded plugin userauth (category:base,tabindex:14)
2024-06-27 08:57:44,948 [INFO] PluginManage:283 - PluginManage : Loaded plugins [17]
2024-06-27 08:57:45,182 [INFO] PinOutPanel:1561 - setPackage(No Configuration,No Configuration)
2024-06-27 08:57:45,231 [INFO] CADModel:165 - CPN selected for project level
2024-06-27 08:57:45,231 [INFO] CADModel:114 - Register for checkConnection events
2024-06-27 08:57:45,240 [INFO] IPUIPlugin:80 - create IPUIPlugin
2024-06-27 08:57:45,240 [INFO] PluginManager:220 - loadIPPluginJar : add mdma
2024-06-27 08:57:45,244 [INFO] IPUIPlugin:80 - create IPUIPlugin
2024-06-27 08:57:45,244 [INFO] PluginManager:220 - loadIPPluginJar : add freertos
2024-06-27 08:57:45,247 [INFO] IPUIPlugin:80 - create IPUIPlugin
2024-06-27 08:57:45,247 [INFO] PluginManager:220 - loadIPPluginJar : add gic
2024-06-27 08:57:45,251 [INFO] IPUIPlugin:80 - create IPUIPlugin
2024-06-27 08:57:45,252 [INFO] PluginManager:220 - loadIPPluginJar : add adc
2024-06-27 08:57:45,254 [INFO] IPUIPlugin:80 - create IPUIPlugin
2024-06-27 08:57:45,254 [INFO] PluginManager:220 - loadIPPluginJar : add gtzc
2024-06-27 08:57:45,255 [INFO] IPUIPlugin:80 - create IPUIPlugin
2024-06-27 08:57:45,255 [INFO] PluginManager:220 - loadIPPluginJar : add quadspi
2024-06-27 08:57:45,256 [INFO] IPUIPlugin:80 - create IPUIPlugin
2024-06-27 08:57:45,256 [INFO] PluginManager:220 - loadIPPluginJar : add aes
2024-06-27 08:57:45,257 [INFO] IPUIPlugin:80 - create IPUIPlugin
2024-06-27 08:57:45,257 [INFO] PluginManager:220 - loadIPPluginJar : add pdm2pcm
2024-06-27 08:57:45,258 [INFO] IPUIPlugin:80 - create IPUIPlugin
2024-06-27 08:57:45,258 [INFO] PluginManager:220 - loadIPPluginJar : add hash
2024-06-27 08:57:45,259 [INFO] IPUIPlugin:80 - create IPUIPlugin
2024-06-27 08:57:45,259 [INFO] PluginManager:220 - loadIPPluginJar : add tim
2024-06-27 08:57:45,259 [INFO] IPUIPlugin:80 - create IPUIPlugin
2024-06-27 08:57:45,259 [INFO] PluginManager:220 - loadIPPluginJar : add tsc
2024-06-27 08:57:45,260 [INFO] IPUIPlugin:80 - create IPUIPlugin
2024-06-27 08:57:45,260 [INFO] PluginManager:220 - loadIPPluginJar : add extmemmanager
2024-06-27 08:57:45,262 [INFO] IPUIPlugin:80 - create IPUIPlugin
2024-06-27 08:57:45,262 [INFO] PluginManager:220 - loadIPPluginJar : add ts
2024-06-27 08:57:45,263 [INFO] IPUIPlugin:80 - create IPUIPlugin
2024-06-27 08:57:45,263 [INFO] PluginManager:220 - loadIPPluginJar : add can
2024-06-27 08:57:45,264 [INFO] IPUIPlugin:80 - create IPUIPlugin
2024-06-27 08:57:45,264 [INFO] PluginManager:220 - loadIPPluginJar : add dma3
2024-06-27 08:57:45,266 [INFO] IPUIPlugin:80 - create IPUIPlugin
2024-06-27 08:57:45,266 [INFO] PluginManager:220 - loadIPPluginJar : add dfsdm
2024-06-27 08:57:45,267 [INFO] IPUIPlugin:80 - create IPUIPlugin
2024-06-27 08:57:45,267 [INFO] PluginManager:220 - loadIPPluginJar : add spi
2024-06-27 08:57:45,267 [INFO] IPUIPlugin:80 - create IPUIPlugin
2024-06-27 08:57:45,267 [INFO] PluginManager:220 - loadIPPluginJar : add gfxmmu
2024-06-27 08:57:45,268 [INFO] IPUIPlugin:80 - create IPUIPlugin
2024-06-27 08:57:45,268 [INFO] PluginManager:220 - loadIPPluginJar : add genericplugin
2024-06-27 08:57:45,269 [INFO] IPUIPlugin:80 - create IPUIPlugin
2024-06-27 08:57:45,269 [INFO] PluginManager:220 - loadIPPluginJar : add cryp
2024-06-27 08:57:45,271 [INFO] IPUIPlugin:80 - create IPUIPlugin
2024-06-27 08:57:45,271 [INFO] PluginManager:220 - loadIPPluginJar : add gpio
2024-06-27 08:57:45,272 [INFO] IPUIPlugin:80 - create IPUIPlugin
2024-06-27 08:57:45,272 [INFO] PluginManager:220 - loadIPPluginJar : add comp
2024-06-27 08:57:45,273 [INFO] IPUIPlugin:80 - create IPUIPlugin
2024-06-27 08:57:45,273 [INFO] PluginManager:220 - loadIPPluginJar : add tracer_emb
2024-06-27 08:57:45,274 [INFO] IPUIPlugin:80 - create IPUIPlugin
2024-06-27 08:57:45,274 [INFO] PluginManager:220 - loadIPPluginJar : add openamp
2024-06-27 08:57:45,277 [INFO] IPUIPlugin:80 - create IPUIPlugin
2024-06-27 08:57:45,277 [INFO] PluginManager:220 - loadIPPluginJar : add stm32_wpan
2024-06-27 08:57:45,281 [INFO] IPUIPlugin:80 - create IPUIPlugin
2024-06-27 08:57:45,283 [INFO] PluginManager:220 - loadIPPluginJar : add plateformsettings
2024-06-27 08:57:45,285 [INFO] IPUIPlugin:80 - create IPUIPlugin
2024-06-27 08:57:45,285 [INFO] PluginManager:220 - loadIPPluginJar : add ipddr
2024-06-27 08:57:45,287 [INFO] IPUIPlugin:80 - create IPUIPlugin
2024-06-27 08:57:45,287 [INFO] PluginManager:220 - loadIPPluginJar : add usart
2024-06-27 08:57:45,287 [INFO] IPUIPlugin:80 - create IPUIPlugin
2024-06-27 08:57:45,287 [INFO] PluginManager:220 - loadIPPluginJar : add ltdc
2024-06-27 08:57:45,289 [INFO] IPUIPlugin:80 - create IPUIPlugin
2024-06-27 08:57:45,289 [INFO] PluginManager:220 - loadIPPluginJar : add nvic
2024-06-27 08:57:45,289 [INFO] IPUIPlugin:80 - create IPUIPlugin
2024-06-27 08:57:45,290 [INFO] PluginManager:220 - loadIPPluginJar : add fatfs
2024-06-27 08:57:45,293 [INFO] IPUIPlugin:80 - create IPUIPlugin
2024-06-27 08:57:45,293 [INFO] PluginManager:220 - loadIPPluginJar : add linkedlist
2024-06-27 08:57:45,296 [INFO] IPUIPlugin:80 - create IPUIPlugin
2024-06-27 08:57:45,296 [INFO] PluginManager:220 - loadIPPluginJar : add dma
2024-06-27 08:57:45,298 [INFO] IPUIPlugin:80 - create IPUIPlugin
2024-06-27 08:57:45,298 [INFO] PluginManager:220 - loadIPPluginJar : add fmc
2024-06-27 08:57:45,299 [INFO] IPUIPlugin:80 - create IPUIPlugin
2024-06-27 08:57:45,299 [INFO] PluginManager:220 - loadIPPluginJar : add i2s
2024-06-27 08:57:45,299 [INFO] IPUIPlugin:80 - create IPUIPlugin
2024-06-27 08:57:45,299 [INFO] PluginManager:220 - loadIPPluginJar : add ucpd
2024-06-27 08:57:45,300 [INFO] IPUIPlugin:80 - create IPUIPlugin
2024-06-27 08:57:45,300 [INFO] PluginManager:220 - loadIPPluginJar : add lorawan
2024-06-27 08:57:45,301 [INFO] IPUIPlugin:80 - create IPUIPlugin
2024-06-27 08:57:45,301 [INFO] PluginManager:220 - loadIPPluginJar : add opamp
2024-06-27 08:57:45,302 [INFO] IPUIPlugin:80 - create IPUIPlugin
2024-06-27 08:57:45,302 [INFO] PluginManager:220 - loadIPPluginJar : add i3c
2024-06-27 08:57:45,304 [INFO] IPUIPlugin:80 - create IPUIPlugin
2024-06-27 08:57:45,305 [INFO] PluginManager:220 - loadIPPluginJar : add touchsensing
2024-06-27 08:57:45,307 [INFO] IPUIPlugin:80 - create IPUIPlugin
2024-06-27 08:57:45,307 [INFO] PluginManager:220 - loadIPPluginJar : add i2c
2024-06-27 08:57:45,309 [INFO] IPUIPlugin:80 - create IPUIPlugin
2024-06-27 08:57:45,309 [INFO] PluginManager:220 - loadIPPluginJar : add resmgrutility
2024-06-27 08:57:45,310 [INFO] IPUIPlugin:80 - create IPUIPlugin
2024-06-27 08:57:45,310 [INFO] PluginManager:220 - loadIPPluginJar : add sai
2024-06-27 08:57:45,312 [INFO] IPUIPlugin:80 - create IPUIPlugin
2024-06-27 08:57:45,312 [INFO] PluginManager:220 - loadIPPluginJar : add usbx
2024-06-27 08:57:45,425 [INFO] CADModel:165 - CPN selected for project level
2024-06-27 08:57:45,425 [INFO] CADModel:114 - Register for checkConnection events
2024-06-27 08:57:45,425 [FATAL] Updater:308 - Updater called before beeing initialized
2024-06-27 08:57:45,426 [ERROR] CADModel:125 - Updater not yet initialized, retry later 
2024-06-27 08:57:45,627 [INFO] CADModel:165 - CPN selected for project level
2024-06-27 08:57:45,628 [INFO] CADModel:114 - Register for checkConnection events
2024-06-27 08:57:45,629 [FATAL] Updater:308 - Updater called before beeing initialized
2024-06-27 08:57:45,629 [ERROR] CADModel:125 - Updater not yet initialized, retry later 
2024-06-27 08:57:45,631 [FATAL] Updater:308 - Updater called before beeing initialized
2024-06-27 08:57:45,770 [FATAL] Updater:308 - Updater called before beeing initialized
2024-06-27 08:57:45,774 [INFO] DbMcusAds:53 - JSON generation date=Thu May 16 14:52:00 IST 2024 (1715851320852)
2024-06-27 08:57:45,774 [FATAL] Updater:308 - Updater called before beeing initialized
2024-06-27 08:57:45,818 [WARN] DetailPanel:346 - Failed to get advertising image, set to default
2024-06-27 08:57:45,882 [FATAL] Updater:308 - Updater called before beeing initialized
2024-06-27 08:57:45,884 [FATAL] Updater:308 - Updater called before beeing initialized
2024-06-27 08:57:45,884 [FATAL] Updater:308 - Updater called before beeing initialized
2024-06-27 08:57:45,884 [WARN] DetailPanel:346 - Failed to get advertising image, set to default
2024-06-27 08:57:45,885 [FATAL] Updater:308 - Updater called before beeing initialized
2024-06-27 08:57:45,957 [ERROR] Updater:1120 - MainUpdater not yet initialized. External WinMGr cannot be set.
2024-06-27 08:57:45,962 [INFO] Updater:1056 - Updater Version found : 6.11.1
2024-06-27 08:57:45,973 [INFO] ApplicationProperties:184 - Using Application install path: /Applications/STM32CubeIDE.app/Contents/Eclipse/plugins/com.st.stm32cube.common.mx_6.11.1.202404110753
2024-06-27 08:57:46,412 [INFO] MainUpdater:2873 - connection check result : 10
2024-06-27 08:57:46,412 [INFO] MainUpdater:3567 - Updater definition file requires update
2024-06-27 08:57:46,413 [INFO] MainUpdater:290 - Updater Check For Update Now.
2024-06-27 08:57:46,413 [INFO] MicroXplorer:498 - Change Database Version : DB.6.0.111
2024-06-27 08:57:46,418 [INFO] McuFinderGlobals:63 - Set McuFinder mode to 2 (CubeIDE integrated)
2024-06-27 08:57:46,429 [INFO] UserAuth:415 - Internet connection configuration mode: 1
2024-06-27 08:57:46,438 [INFO] JxBrowserEngine:152 - Initiate JxBrowser Engine with user profile folder
2024-06-27 08:57:46,479 [INFO] ServerAccessManage:473 - Download File updaters.zip
2024-06-27 08:57:46,698 [INFO] FileExtend:240 - Unzip File : updaters.zip
2024-06-27 08:57:46,700 [INFO] FileExtend:255 - Standard Zip Deflate
2024-06-27 08:57:47,028 [INFO] ServerAccessManage:473 - Download File PacksControlFlags.xml
2024-06-27 08:57:47,215 [INFO] ServerAccessManage:473 - Download File cubemx.pidx
2024-06-27 08:57:47,643 [WARN] MainUpdater:1194 - Updater busy. Cannot search thirdparties
2024-06-27 08:57:47,645 [INFO] ThirdPartyUpdaterWithRetryManager:96 - Updater plugin is busy. [1/15]
2024-06-27 08:57:48,275 [INFO] ServerAccessManage:473 - Download File STMicroelectronics.X-CUBE-TOUCHGFX.pdsc
2024-06-27 08:57:50,651 [WARN] MainUpdater:1194 - Updater busy. Cannot search thirdparties
2024-06-27 08:57:50,652 [INFO] ThirdPartyUpdaterWithRetryManager:96 - Updater plugin is busy. [2/15]
2024-06-27 08:57:51,330 [WARN] PackLoader:240 - Cannot read IP mode file for STMicroelectronics.X-CUBE-TOUCHGFX.4.24.0
2024-06-27 08:57:51,341 [INFO] PopulateThirdPartyThread:66 - Ending populate Thread
2024-06-27 08:57:51,347 [INFO] ThirdParty:1030 - CMSIS Pack Vendor :STMicroelectronics X-CUBE-TOUCHGFX 4.24.0
2024-06-27 08:57:51,347 [INFO] LoadServerUpdatesThread:375 - End of LoadServerUpdate Thread
2024-06-27 08:57:51,507 [INFO] CheckServerUpdateThread:120 - End of CheckServer Thread
2024-06-27 08:57:51,628 [INFO] WebApp:161 - Instantiating new browser for Auth
2024-06-27 08:57:52,872 [INFO] WebApp:779 - Register for checkConnection events
2024-06-27 08:57:52,872 [INFO] WebApp:414 - Apply proxy settings
2024-06-27 08:57:52,883 [INFO] WebApp:459 - Chromium authenticates against Manually configured proxy
2024-06-27 08:57:52,909 [INFO] WebApp:467 - Username used for proxy authentication: 
2024-06-27 08:57:53,081 [INFO] WebApp:192 - Starting web application
2024-06-27 08:57:53,082 [INFO] WebApp:544 - Web application path used /Applications/STM32CubeIDE.app/Contents/Eclipse/plugins/com.st.stm32cube.common.mx_6.11.1.202404110753/db/plugins/mcufinder/reactClient1/index.html
2024-06-27 08:57:53,799 [WARN] PackLoader:240 - Cannot read IP mode file for STMicroelectronics.FP-SNS-MOTENVWB1.1.4.0
2024-06-27 08:57:53,815 [WARN] PackLoader:240 - Cannot read IP mode file for STMicroelectronics.X-CUBE-SMBUS.2.1.0
2024-06-27 08:57:53,830 [WARN] PackLoader:240 - Cannot read IP mode file for STMicroelectronics.X-CUBE-TOUCHGFX.4.23.0
2024-06-27 08:57:53,832 [WARN] PackLoader:240 - Cannot read IP mode file for STMicroelectronics.X-CUBE-TOUCHGFX.4.23.2
2024-06-27 08:57:53,878 [WARN] PackLoader:240 - Cannot read IP mode file for STMicroelectronics.X-CUBE-AZRTOS-F7.1.1.0
2024-06-27 08:57:53,903 [WARN] PackLoader:240 - Cannot read IP mode file for STMicroelectronics.FP-SNS-MOTENV1.4.3.2
2024-06-27 08:57:53,929 [WARN] PackLoader:240 - Cannot read IP mode file for STMicroelectronics.FP-SNS-FLIGHT1.5.0.2
2024-06-27 08:57:53,944 [WARN] PackLoader:240 - Cannot read IP mode file for STMicroelectronics.X-CUBE-DISPLAY.3.0.0
2024-06-27 08:57:53,963 [WARN] PackLoader:240 - Cannot read IP mode file for STMicroelectronics.X-CUBE-BLE1.7.0.0
2024-06-27 08:57:53,982 [WARN] PackLoader:240 - Cannot read IP mode file for emotas.I-CUBE-CANOPEN.1.3.0
2024-06-27 08:57:54,009 [WARN] PackLoader:240 - Cannot read IP mode file for STMicroelectronics.X-CUBE-BLEMGR.3.1.0
2024-06-27 08:57:54,026 [WARN] PackLoader:240 - Cannot read IP mode file for STMicroelectronics.FP-SNS-SMARTAG2.1.2.0
2024-06-27 08:57:54,038 [INFO] LogOutputStream:77 - [STDOUT_REDIRECT] 1 : Invalid condition id : UX_CORESTACK_Condition cause : null
2024-06-27 08:57:54,040 [INFO] LogOutputStream:77 - [STDOUT_REDIRECT] 1 : Invalid condition id : UX_CORESTACK_Condition cause : null
2024-06-27 08:57:54,040 [INFO] LogOutputStream:77 - [STDOUT_REDIRECT] 1 : Invalid condition id : UX_CORESTACK_Condition cause : null
2024-06-27 08:57:54,041 [INFO] LogOutputStream:77 - [STDOUT_REDIRECT] 1 : Invalid condition id : UX_CORESTACK_Condition cause : null
2024-06-27 08:57:54,041 [INFO] LogOutputStream:77 - [STDOUT_REDIRECT] 1 : Invalid condition id : UX_CORESTACK_Condition cause : null
2024-06-27 08:57:54,048 [WARN] PackLoader:240 - Cannot read IP mode file for STMicroelectronics.X-CUBE-AZRTOS-WL.2.0.0
2024-06-27 08:57:54,056 [WARN] PackLoader:240 - Cannot read IP mode file for STMicroelectronics.FP-SNS-MOTENV1.5.0.0
2024-06-27 08:57:54,063 [WARN] PackLoader:240 - Cannot read IP mode file for wolfSSL.I-CUBE-wolfMQTT.1.19.0
2024-06-27 08:57:54,074 [WARN] PackLoader:240 - Cannot read IP mode file for WES.I-CUBE-Cesium.1.3.0
2024-06-27 08:57:54,081 [WARN] PackLoader:240 - Cannot read IP mode file for STMicroelectronics.X-CUBE-BLE2.3.3.0
2024-06-27 08:57:54,086 [WARN] PackLoader:240 - Cannot read IP mode file for STMicroelectronics.X-CUBE-TCPP.4.1.0
2024-06-27 08:57:54,107 [WARN] PackLoader:240 - Cannot read IP mode file for STMicroelectronics.X-CUBE-ALGOBUILD.1.3.0
2024-06-27 08:57:54,142 [WARN] PackLoader:240 - Cannot read IP mode file for STMicroelectronics.X-CUBE-AZRTOS-G0.1.1.0
2024-06-27 08:57:54,182 [WARN] PackLoader:240 - Cannot read IP mode file for STMicroelectronics.X-CUBE-SAFEA1.1.2.2
2024-06-27 08:57:54,194 [WARN] PackLoader:240 - Cannot read IP mode file for STMicroelectronics.X-CUBE-NFC4.3.0.0
2024-06-27 08:57:54,229 [WARN] PackLoader:240 - Cannot read IP mode file for STMicroelectronics.X-CUBE-BLEMGR.3.0.0
2024-06-27 08:57:54,246 [WARN] PackLoader:240 - Cannot read IP mode file for STMicroelectronics.FP-ATR-SIGFOX1.3.2.0
2024-06-27 08:57:54,256 [WARN] PackLoader:240 - Cannot read IP mode file for STMicroelectronics.X-CUBE-EEPRMA1.5.1.0
2024-06-27 08:57:54,335 [WARN] PackLoader:240 - Cannot read IP mode file for SEGGER.I-CUBE-embOS.1.3.1
2024-06-27 08:57:54,387 [WARN] PackLoader:240 - Cannot read IP mode file for STMicroelectronics.X-CUBE-ALGOBUILD.1.4.0
2024-06-27 08:57:54,394 [WARN] PackLoader:240 - Cannot read IP mode file for STMicroelectronics.X-CUBE-GNSS1.6.0.0
2024-06-27 08:57:54,419 [WARN] PackLoader:240 - Cannot read IP mode file for STMicroelectronics.X-CUBE-AZRTOS-F4.1.1.0
2024-06-27 08:57:54,430 [WARN] PackLoader:240 - Cannot read IP mode file for STMicroelectronics.X-CUBE-FREERTOS.1.2.0
2024-06-27 08:57:54,435 [WARN] PackLoader:240 - Cannot read IP mode file for wolfSSL.I-CUBE-wolfSSL.5.6.6
2024-06-27 08:57:54,457 [WARN] PackLoader:240 - Cannot read IP mode file for STMicroelectronics.X-CUBE-AZRTOS-L5.2.0.0
2024-06-27 08:57:54,466 [WARN] PackLoader:240 - Cannot read IP mode file for STMicroelectronics.X-CUBE-EEPRMA1.4.2.0
2024-06-27 08:57:54,486 [WARN] PackLoader:240 - Cannot read IP mode file for STMicroelectronics.X-CUBE-NFC6.3.1.0
2024-06-27 08:57:54,496 [WARN] PackLoader:240 - Cannot read IP mode file for ITTIA_DB.I-CUBE-ITTIADB.8.8.0
2024-06-27 08:57:54,499 [WARN] PackLoader:240 - Cannot read IP mode file for STMicroelectronics.X-CUBE-AI.9.0.0
2024-06-27 08:57:54,511 [WARN] PackLoader:240 - Cannot read IP mode file for STMicroelectronics.X-CUBE-NFC7.1.0.1
2024-06-27 08:57:54,519 [WARN] PackLoader:240 - Cannot read IP mode file for STMicroelectronics.X-CUBE-NFC6.3.0.0
2024-06-27 08:57:54,523 [WARN] PackLoader:240 - Cannot read IP mode file for STMicroelectronics.X-CUBE-AI.8.1.0
2024-06-27 08:57:54,544 [WARN] ConditionMgr:438 - getConditionDescription Invalid condition id : LAN8742 Phy interface Condition cause : null
2024-06-27 08:57:54,547 [WARN] PackLoader:240 - Cannot read IP mode file for STMicroelectronics.X-CUBE-AZRTOS-L4.2.0.0
2024-06-27 08:57:54,550 [WARN] ConditionMgr:1039 - genDependencies : Invalid condition id : LAN8742 Phy interface Condition cause : null
2024-06-27 08:57:54,551 [WARN] ConditionMgr:1039 - genDependencies : Invalid condition id : LAN8742 Phy interface Condition cause : null
2024-06-27 08:57:54,552 [WARN] ConditionMgr:1039 - genDependencies : Invalid condition id : LAN8742 Phy interface Condition cause : null
2024-06-27 08:57:54,560 [WARN] PackLoader:240 - Cannot read IP mode file for STMicroelectronics.X-CUBE-SFXS2LP1.4.0.0
2024-06-27 08:57:54,573 [WARN] ConditionMgr:438 - getConditionDescription Invalid condition id : UX DEVICE CLASS RTOS Condition cause : null
2024-06-27 08:57:54,574 [WARN] ConditionMgr:438 - getConditionDescription Invalid condition id : UX DEVICE CLASS RTOS Condition cause : null
2024-06-27 08:57:54,577 [WARN] PackLoader:240 - Cannot read IP mode file for STMicroelectronics.X-CUBE-AZRTOS-WB.2.0.0
2024-06-27 08:57:54,578 [WARN] ConditionMgr:1039 - genDependencies : Invalid condition id : UX DEVICE CLASS RTOS Condition cause : null
2024-06-27 08:57:54,578 [WARN] ConditionMgr:1039 - genDependencies : Invalid condition id : UX DEVICE CLASS RTOS Condition cause : null
2024-06-27 08:57:54,579 [WARN] ConditionMgr:1039 - genDependencies : Invalid condition id : UX DEVICE CLASS RTOS Condition cause : null
2024-06-27 08:57:54,579 [WARN] ConditionMgr:1039 - genDependencies : Invalid condition id : UX DEVICE CLASS RTOS Condition cause : null
2024-06-27 08:57:54,579 [WARN] ConditionMgr:1039 - genDependencies : Invalid condition id : UX DEVICE CLASS RTOS Condition cause : null
2024-06-27 08:57:54,591 [WARN] PackLoader:240 - Cannot read IP mode file for STMicroelectronics.X-CUBE-SUBG2.5.0.0
2024-06-27 08:57:54,600 [WARN] PackLoader:240 - Cannot read IP mode file for Cesanta.I-CUBE-Mongoose.7.13.0
2024-06-27 08:57:54,614 [WARN] PackLoader:240 - Cannot read IP mode file for STMicroelectronics.X-CUBE-AZRTOS-G4.2.0.0
2024-06-27 08:57:54,631 [WARN] PackLoader:240 - Cannot read IP mode file for Infineon.AIROC-Wi-Fi-Bluetooth-STM32.1.5.1
2024-06-27 08:57:54,639 [WARN] PackLoader:240 - Cannot read IP mode file for STMicroelectronics.FP-SNS-MOTENVWB1.1.3.1
2024-06-27 08:57:54,642 [WARN] PackLoader:240 - Cannot read IP mode file for STMicroelectronics.X-CUBE-ALS.1.0.2
2024-06-27 08:57:54,708 [WARN] PackLoader:240 - Cannot read IP mode file for STMicroelectronics.X-CUBE-MEMS1.10.0.0
2024-06-27 08:57:54,830 [WARN] PackLoader:240 - Cannot read IP mode file for STMicroelectronics.X-CUBE-FREERTOS.1.1.0
2024-06-27 08:57:54,836 [WARN] PackLoader:240 - Cannot read IP mode file for STMicroelectronics.X-CUBE-TOUCHGFX.4.24.0
2024-06-27 08:57:54,841 [WARN] PackLoader:240 - Cannot read IP mode file for portGmbH.I-Cube-SoM-uGOAL.1.1.0
2024-06-27 08:57:54,846 [WARN] PackLoader:240 - Cannot read IP mode file for STMicroelectronics.X-CUBE-ALS.1.0.1
2024-06-27 08:57:54,867 [WARN] PackLoader:240 - Cannot read IP mode file for STMicroelectronics.X-CUBE-AZRTOS-H7RS.1.0.0
2024-06-27 08:57:54,873 [WARN] PackLoader:240 - Cannot read IP mode file for STMicroelectronics.FP-ATR-ASTRA1.2.0.0
2024-06-27 08:57:54,883 [WARN] PackLoader:240 - Cannot read IP mode file for STMicroelectronics.X-CUBE-TOF1.3.4.0
2024-06-27 08:57:54,902 [WARN] PackLoader:240 - Cannot read IP mode file for STMicroelectronics.X-CUBE-TOF1.3.4.1
2024-06-27 08:57:54,930 [WARN] PackLoader:240 - Cannot read IP mode file for STMicroelectronics.X-CUBE-AZRTOS-H7.3.2.0
2024-06-27 08:57:54,935 [INFO] ThirdParty:978 - Integrity check success = true
2024-06-27 08:57:54,935 [INFO] IntegrityCheckThread:100 - exiting critical section [integrity check]
2024-06-27 08:57:54,935 [INFO] IntegrityCheckThread:103 - End integrity checks thread
2024-06-27 09:04:29,400 [ERROR] LogOutputStream:75 - [STDERR_REDIRECT] 
