2024-10-15 18:33:36,597 [INFO] Activator:176 - 


2024-10-15 18:33:36,603 [INFO] Activator:177 - !SESSION log4j initialized
2024-10-15 18:33:40,404 [INFO] LogOutputStream:77 - [STDOUT_REDIRECT] 
2024-10-15 18:33:42,409 [ERROR] LogOutputStream:75 - [STDERR_REDIRECT] 
2024-10-15 18:33:44,687 [INFO] LogOutputStream:77 - [STDOUT_REDIRECT] 
2024-10-15 18:33:46,710 [INFO] ApplicationProperties:184 - Using Application install path: /Applications/STM32CubeIDE.app/Contents/Eclipse/plugins/com.st.stm32cube.common.mx_6.12.1.202409122256
2024-10-15 18:33:46,723 [INFO] DbMcusXml:78 - Set database path to: /Applications/STM32CubeIDE.app/Contents/Eclipse/plugins/com.st.stm32cube.common.mx_6.12.1.202409122256//db//mcu/
2024-10-15 18:33:46,723 [INFO] ApiDb:274 - Set plugin database path to: /Applications/STM32CubeIDE.app/Contents/Eclipse/plugins/com.st.stm32cube.common.mx_6.12.1.202409122256//db//plugins/boardmanager/
2024-10-15 18:33:46,724 [WARN] ApiDb:259 - Overriding images path with different value:  => /Applications/STM32CubeIDE.app/Contents/Eclipse/plugins/com.st.stm32cube.common.mx_6.12.1.202409122256//db//plugins/mcufinder/images/
2024-10-15 18:33:46,731 [INFO] ApiDb:250 - Set database path to: /var/root/.stmcufinder/plugins/mcufinder//mcu/
2024-10-15 18:33:46,732 [INFO] DbMcusAds:125 - Set database path to: /var/root/.stmcufinder/plugins/mcufinder//mcu/
2024-10-15 18:33:46,734 [INFO] CrossReferenceDbSqlite:203 - Set database path to: /var/root/.stmcufinder/plugins/mcufinder//mcu/cs/
2024-10-15 18:33:46,961 [INFO] RulesReader:64 - Compatibility file has been processed (297 Rules)
2024-10-15 18:33:47,046 [INFO] DbMcusXml:78 - Set database path to: /Applications/STM32CubeIDE.app/Contents/Eclipse/plugins/com.st.stm32cube.common.mx_6.12.1.202409122256//db//mcu/
2024-10-15 18:33:47,046 [INFO] ApiDb:274 - Set plugin database path to: /Applications/STM32CubeIDE.app/Contents/Eclipse/plugins/com.st.stm32cube.common.mx_6.12.1.202409122256//db//plugins/boardmanager/
2024-10-15 18:33:47,049 [INFO] ApiDb:261 - Set plugin images path to: /Applications/STM32CubeIDE.app/Contents/Eclipse/plugins/com.st.stm32cube.common.mx_6.12.1.202409122256//db//plugins/mcufinder/images/
2024-10-15 18:33:47,050 [WARN] DbFile:41 - Overriding database path with different value: /var/root/.stmcufinder/plugins/mcufinder/ => /var/root/.stmcufinder/plugins/mcufinder
2024-10-15 18:33:47,050 [INFO] ApiDb:250 - Set database path to: /var/root/.stmcufinder/plugins/mcufinder//mcu/
2024-10-15 18:33:47,050 [WARN] DbFile:41 - Overriding database path with different value: /var/root/.stmcufinder/plugins/mcufinder/ => /var/root/.stmcufinder/plugins/mcufinder
2024-10-15 18:33:47,050 [INFO] DbMcusAds:125 - Set database path to: /var/root/.stmcufinder/plugins/mcufinder//mcu/
2024-10-15 18:33:47,050 [WARN] DbFile:41 - Overriding database path with different value: /var/root/.stmcufinder/plugins/mcufinder/ => /var/root/.stmcufinder/plugins/mcufinder
2024-10-15 18:33:47,050 [WARN] DbFile:41 - Overriding database path with different value: /var/root/.stmcufinder/plugins/mcufinder/ => /var/root/.stmcufinder/plugins/mcufinder
2024-10-15 18:33:47,051 [INFO] CrossReferenceDbSqlite:203 - Set database path to: /var/root/.stmcufinder/plugins/mcufinder//mcu/cs/
2024-10-15 18:33:47,206 [INFO] MainPanel:268 - HeapMemory: 369098752
2024-10-15 18:33:47,264 [ERROR] LogOutputStream:75 - [STDERR_REDIRECT] [Fatal Error] :2:10: DOCTYPE is disallowed when the feature "http://apache.org/xml/features/disallow-doctype-decl" set to true.
2024-10-15 18:33:47,273 [ERROR] LogOutputStream:75 - [STDERR_REDIRECT] 
2024-10-15 18:33:47,879 [INFO] DbMcusXml:78 - Set database path to: /Applications/STM32CubeIDE.app/Contents/Eclipse/plugins/com.st.stm32cube.common.mx_6.12.1.202409122256//db//mcu/
2024-10-15 18:33:47,880 [INFO] ApiDb:274 - Set plugin database path to: /Applications/STM32CubeIDE.app/Contents/Eclipse/plugins/com.st.stm32cube.common.mx_6.12.1.202409122256//db//plugins/boardmanager/
2024-10-15 18:33:47,880 [INFO] ApiDb:261 - Set plugin images path to: /Applications/STM32CubeIDE.app/Contents/Eclipse/plugins/com.st.stm32cube.common.mx_6.12.1.202409122256//db//plugins/mcufinder/images/
2024-10-15 18:33:47,880 [WARN] DbFile:41 - Overriding database path with different value: /var/root/.stmcufinder/plugins/mcufinder/ => /var/root/.stmcufinder/plugins/mcufinder
2024-10-15 18:33:47,880 [INFO] ApiDb:250 - Set database path to: /var/root/.stmcufinder/plugins/mcufinder//mcu/
2024-10-15 18:33:47,880 [WARN] DbFile:41 - Overriding database path with different value: /var/root/.stmcufinder/plugins/mcufinder/ => /var/root/.stmcufinder/plugins/mcufinder
2024-10-15 18:33:47,880 [INFO] DbMcusAds:125 - Set database path to: /var/root/.stmcufinder/plugins/mcufinder//mcu/
2024-10-15 18:33:47,880 [WARN] DbFile:41 - Overriding database path with different value: /var/root/.stmcufinder/plugins/mcufinder/ => /var/root/.stmcufinder/plugins/mcufinder
2024-10-15 18:33:47,880 [WARN] DbFile:41 - Overriding database path with different value: /var/root/.stmcufinder/plugins/mcufinder/ => /var/root/.stmcufinder/plugins/mcufinder
2024-10-15 18:33:47,880 [INFO] CrossReferenceDbSqlite:203 - Set database path to: /var/root/.stmcufinder/plugins/mcufinder//mcu/cs/
2024-10-15 18:33:47,899 [INFO] ApplicationProperties:184 - Using Application install path: /Applications/STM32CubeIDE.app/Contents/Eclipse/plugins/com.st.stm32cube.common.mx_6.12.1.202409122256
2024-10-15 18:33:47,899 [INFO] PluginManage:196 - Search for loadable plugins [exclusion list=, ]
2024-10-15 18:33:47,901 [INFO] PluginManage:310 - Check plugin analytics
2024-10-15 18:33:48,100 [INFO] AnalyticsPlugin:253 - Accepted Software Licenses: 
2024-10-15 18:33:48,100 [INFO] AnalyticsPlugin:255 - Accepted CMSIS Pack Licenses: 
2024-10-15 18:33:48,100 [INFO] AnalyticsPlugin:257 - Accepted Firmware Licenses: 
2024-10-15 18:33:48,105 [INFO] PluginManage:359 - Loaded plugin analytics (category:tool,tabindex:-1)
2024-10-15 18:33:48,107 [INFO] PluginManage:310 - Check plugin cadmodel
2024-10-15 18:33:48,124 [INFO] CADModel:105 - Init CAD model plugin
2024-10-15 18:33:48,125 [INFO] PluginManage:359 - Loaded plugin cadmodel (category:power,tabindex:5)
2024-10-15 18:33:48,125 [INFO] PluginManage:310 - Check plugin clock
2024-10-15 18:33:48,134 [INFO] PluginManage:359 - Loaded plugin clock (category:base,tabindex:2)
2024-10-15 18:33:48,134 [INFO] PluginManage:310 - Check plugin ddr
2024-10-15 18:33:48,136 [INFO] PluginManage:359 - Loaded plugin ddr (category:tool,tabindex:6)
2024-10-15 18:33:48,136 [INFO] PluginManage:310 - Check plugin filemanager
2024-10-15 18:33:48,268 [INFO] PluginManage:359 - Loaded plugin filemanager (category:base,tabindex:10)
2024-10-15 18:33:48,268 [INFO] PluginManage:310 - Check plugin ipmanager
2024-10-15 18:33:48,274 [INFO] PluginManage:359 - Loaded plugin ipmanager (category:base,tabindex:5)
2024-10-15 18:33:48,274 [INFO] PluginManage:310 - Check plugin lpbam
2024-10-15 18:33:48,280 [INFO] PluginManage:359 - Loaded plugin lpbam (category:base,tabindex:0)
2024-10-15 18:33:48,280 [INFO] PluginManage:310 - Check plugin memorymap
2024-10-15 18:33:48,287 [INFO] PluginManage:359 - Loaded plugin memorymap (category:base,tabindex:4)
2024-10-15 18:33:48,287 [INFO] PluginManage:310 - Check plugin pinoutandconfiguration
2024-10-15 18:33:48,291 [INFO] PluginManage:359 - Loaded plugin pinoutandconfiguration (category:base,tabindex:1)
2024-10-15 18:33:48,291 [INFO] PluginManage:310 - Check plugin pinoutconfig
2024-10-15 18:33:48,364 [WARN] SupportedApi:132 - Cannot load RTOS API schema: s4s-elt-must-match.1: The content of 'definitions' must match (annotation?, (simpleType | complexType)?, (unique | key | keyref)*)). A problem was found starting at: attribute.
2024-10-15 18:33:48,472 [INFO] PluginManage:359 - Loaded plugin pinoutconfig (category:base,tabindex:0)
2024-10-15 18:33:48,472 [INFO] PluginManage:310 - Check plugin power
2024-10-15 18:33:48,484 [INFO] PluginManage:359 - Loaded plugin power (category:power,tabindex:4)
2024-10-15 18:33:48,484 [INFO] PluginManage:310 - Check plugin projectmanager
2024-10-15 18:33:48,506 [INFO] PluginManage:359 - Loaded plugin projectmanager (category:projectmanager,tabindex:4)
2024-10-15 18:33:48,506 [INFO] PluginManage:310 - Check plugin rif
2024-10-15 18:33:48,510 [INFO] PluginManage:359 - Loaded plugin rif (category:base,tabindex:3)
2024-10-15 18:33:48,510 [INFO] PluginManage:310 - Check plugin thirdparty
2024-10-15 18:33:48,636 [INFO] PluginManage:359 - Loaded plugin thirdparty (category:base,tabindex:-1)
2024-10-15 18:33:48,636 [INFO] PluginManage:310 - Check plugin tools
2024-10-15 18:33:48,636 [WARN] IntegrityCheckThread:84 - waiting for thirdparty lock release [integrity check]
2024-10-15 18:33:48,636 [INFO] IntegrityCheckThread:86 - entering critical section [integrity check]
2024-10-15 18:33:48,637 [INFO] ThirdPartyUpdaterWithRetryManager:70 - Updater plugin not ready yet. [1/15]
2024-10-15 18:33:48,638 [INFO] PluginManage:359 - Loaded plugin tools (category:base,tabindex:7)
2024-10-15 18:33:48,638 [INFO] PluginManage:310 - Check plugin tutovideos
2024-10-15 18:33:49,032 [INFO] PluginManage:359 - Loaded plugin tutovideos (category:base,tabindex:-1)
2024-10-15 18:33:49,035 [INFO] PluginManage:310 - Check plugin updater
2024-10-15 18:33:49,106 [INFO] PluginManage:359 - Loaded plugin updater (category:base,tabindex:12)
2024-10-15 18:33:49,106 [INFO] PluginManage:310 - Check plugin userauth
2024-10-15 18:33:49,119 [INFO] UserAuth:113 - Init User Auth plugin
2024-10-15 18:33:49,119 [INFO] PluginManage:359 - Loaded plugin userauth (category:base,tabindex:14)
2024-10-15 18:33:49,122 [INFO] PluginManage:283 - PluginManage : Loaded plugins [18]
2024-10-15 18:33:49,579 [INFO] PinOutPanel:1561 - setPackage(No Configuration,No Configuration)
2024-10-15 18:33:49,647 [INFO] CADModel:165 - CPN selected for project level
2024-10-15 18:33:49,648 [INFO] CADModel:114 - Register for checkConnection events
2024-10-15 18:33:49,659 [INFO] IPUIPlugin:80 - create IPUIPlugin
2024-10-15 18:33:49,659 [INFO] PluginManager:220 - loadIPPluginJar : add mdma
2024-10-15 18:33:49,664 [INFO] IPUIPlugin:80 - create IPUIPlugin
2024-10-15 18:33:49,664 [INFO] PluginManager:220 - loadIPPluginJar : add freertos
2024-10-15 18:33:49,667 [INFO] IPUIPlugin:80 - create IPUIPlugin
2024-10-15 18:33:49,667 [INFO] PluginManager:220 - loadIPPluginJar : add gic
2024-10-15 18:33:49,672 [INFO] IPUIPlugin:80 - create IPUIPlugin
2024-10-15 18:33:49,672 [INFO] PluginManager:220 - loadIPPluginJar : add adc
2024-10-15 18:33:49,673 [INFO] IPUIPlugin:80 - create IPUIPlugin
2024-10-15 18:33:49,673 [INFO] PluginManager:220 - loadIPPluginJar : add gtzc
2024-10-15 18:33:49,674 [INFO] IPUIPlugin:80 - create IPUIPlugin
2024-10-15 18:33:49,674 [INFO] PluginManager:220 - loadIPPluginJar : add quadspi
2024-10-15 18:33:49,675 [INFO] IPUIPlugin:80 - create IPUIPlugin
2024-10-15 18:33:49,675 [INFO] PluginManager:220 - loadIPPluginJar : add aes
2024-10-15 18:33:49,677 [INFO] IPUIPlugin:80 - create IPUIPlugin
2024-10-15 18:33:49,677 [INFO] PluginManager:220 - loadIPPluginJar : add pdm2pcm
2024-10-15 18:33:49,679 [INFO] IPUIPlugin:80 - create IPUIPlugin
2024-10-15 18:33:49,679 [INFO] PluginManager:220 - loadIPPluginJar : add hash
2024-10-15 18:33:49,680 [INFO] IPUIPlugin:80 - create IPUIPlugin
2024-10-15 18:33:49,680 [INFO] PluginManager:220 - loadIPPluginJar : add tim
2024-10-15 18:33:49,681 [INFO] IPUIPlugin:80 - create IPUIPlugin
2024-10-15 18:33:49,681 [INFO] PluginManager:220 - loadIPPluginJar : add tsc
2024-10-15 18:33:49,683 [INFO] IPUIPlugin:80 - create IPUIPlugin
2024-10-15 18:33:49,683 [INFO] PluginManager:220 - loadIPPluginJar : add extmemmanager
2024-10-15 18:33:49,684 [INFO] IPUIPlugin:80 - create IPUIPlugin
2024-10-15 18:33:49,684 [INFO] PluginManager:220 - loadIPPluginJar : add ts
2024-10-15 18:33:49,685 [INFO] IPUIPlugin:80 - create IPUIPlugin
2024-10-15 18:33:49,685 [INFO] PluginManager:220 - loadIPPluginJar : add radio
2024-10-15 18:33:49,686 [INFO] IPUIPlugin:80 - create IPUIPlugin
2024-10-15 18:33:49,686 [INFO] PluginManager:220 - loadIPPluginJar : add can
2024-10-15 18:33:49,688 [INFO] IPUIPlugin:80 - create IPUIPlugin
2024-10-15 18:33:49,688 [INFO] PluginManager:220 - loadIPPluginJar : add dma3
2024-10-15 18:33:49,689 [INFO] IPUIPlugin:80 - create IPUIPlugin
2024-10-15 18:33:49,689 [INFO] PluginManager:220 - loadIPPluginJar : add dfsdm
2024-10-15 18:33:49,690 [INFO] IPUIPlugin:80 - create IPUIPlugin
2024-10-15 18:33:49,690 [INFO] PluginManager:220 - loadIPPluginJar : add spi
2024-10-15 18:33:49,691 [INFO] IPUIPlugin:80 - create IPUIPlugin
2024-10-15 18:33:49,691 [INFO] PluginManager:220 - loadIPPluginJar : add gfxmmu
2024-10-15 18:33:49,692 [INFO] IPUIPlugin:80 - create IPUIPlugin
2024-10-15 18:33:49,692 [INFO] PluginManager:220 - loadIPPluginJar : add genericplugin
2024-10-15 18:33:49,693 [INFO] IPUIPlugin:80 - create IPUIPlugin
2024-10-15 18:33:49,693 [INFO] PluginManager:220 - loadIPPluginJar : add cryp
2024-10-15 18:33:49,695 [INFO] IPUIPlugin:80 - create IPUIPlugin
2024-10-15 18:33:49,695 [INFO] PluginManager:220 - loadIPPluginJar : add gpio
2024-10-15 18:33:49,697 [INFO] IPUIPlugin:80 - create IPUIPlugin
2024-10-15 18:33:49,697 [INFO] PluginManager:220 - loadIPPluginJar : add ddr_ctrl_phy
2024-10-15 18:33:49,698 [INFO] IPUIPlugin:80 - create IPUIPlugin
2024-10-15 18:33:49,698 [INFO] PluginManager:220 - loadIPPluginJar : add comp
2024-10-15 18:33:49,700 [INFO] IPUIPlugin:80 - create IPUIPlugin
2024-10-15 18:33:49,700 [INFO] PluginManager:220 - loadIPPluginJar : add tracer_emb
2024-10-15 18:33:49,702 [INFO] IPUIPlugin:80 - create IPUIPlugin
2024-10-15 18:33:49,702 [INFO] PluginManager:220 - loadIPPluginJar : add openamp
2024-10-15 18:33:49,704 [INFO] IPUIPlugin:80 - create IPUIPlugin
2024-10-15 18:33:49,704 [INFO] PluginManager:220 - loadIPPluginJar : add stm32_wpan
2024-10-15 18:33:49,707 [INFO] IPUIPlugin:80 - create IPUIPlugin
2024-10-15 18:33:49,717 [INFO] PluginManager:220 - loadIPPluginJar : add plateformsettings
2024-10-15 18:33:49,719 [INFO] IPUIPlugin:80 - create IPUIPlugin
2024-10-15 18:33:49,719 [INFO] PluginManager:220 - loadIPPluginJar : add ipddr
2024-10-15 18:33:49,721 [INFO] IPUIPlugin:80 - create IPUIPlugin
2024-10-15 18:33:49,721 [INFO] PluginManager:220 - loadIPPluginJar : add usart
2024-10-15 18:33:49,723 [INFO] IPUIPlugin:80 - create IPUIPlugin
2024-10-15 18:33:49,723 [INFO] PluginManager:220 - loadIPPluginJar : add ltdc
2024-10-15 18:33:49,725 [INFO] IPUIPlugin:80 - create IPUIPlugin
2024-10-15 18:33:49,726 [INFO] PluginManager:220 - loadIPPluginJar : add nvic
2024-10-15 18:33:49,726 [INFO] IPUIPlugin:80 - create IPUIPlugin
2024-10-15 18:33:49,726 [INFO] PluginManager:220 - loadIPPluginJar : add fatfs
2024-10-15 18:33:49,730 [INFO] IPUIPlugin:80 - create IPUIPlugin
2024-10-15 18:33:49,730 [INFO] PluginManager:220 - loadIPPluginJar : add linkedlist
2024-10-15 18:33:49,733 [INFO] IPUIPlugin:80 - create IPUIPlugin
2024-10-15 18:33:49,733 [INFO] PluginManager:220 - loadIPPluginJar : add dma
2024-10-15 18:33:49,734 [INFO] IPUIPlugin:80 - create IPUIPlugin
2024-10-15 18:33:49,734 [INFO] PluginManager:220 - loadIPPluginJar : add fmc
2024-10-15 18:33:49,735 [INFO] IPUIPlugin:80 - create IPUIPlugin
2024-10-15 18:33:49,735 [INFO] PluginManager:220 - loadIPPluginJar : add i2s
2024-10-15 18:33:49,736 [INFO] IPUIPlugin:80 - create IPUIPlugin
2024-10-15 18:33:49,737 [INFO] PluginManager:220 - loadIPPluginJar : add ucpd
2024-10-15 18:33:49,738 [INFO] IPUIPlugin:80 - create IPUIPlugin
2024-10-15 18:33:49,738 [INFO] PluginManager:220 - loadIPPluginJar : add lorawan
2024-10-15 18:33:49,739 [INFO] IPUIPlugin:80 - create IPUIPlugin
2024-10-15 18:33:49,739 [INFO] PluginManager:220 - loadIPPluginJar : add opamp
2024-10-15 18:33:49,740 [INFO] IPUIPlugin:80 - create IPUIPlugin
2024-10-15 18:33:49,740 [INFO] PluginManager:220 - loadIPPluginJar : add i3c
2024-10-15 18:33:49,741 [INFO] IPUIPlugin:80 - create IPUIPlugin
2024-10-15 18:33:49,744 [INFO] PluginManager:220 - loadIPPluginJar : add touchsensing
2024-10-15 18:33:49,745 [INFO] IPUIPlugin:80 - create IPUIPlugin
2024-10-15 18:33:49,745 [INFO] PluginManager:220 - loadIPPluginJar : add i2c
2024-10-15 18:33:49,747 [INFO] IPUIPlugin:80 - create IPUIPlugin
2024-10-15 18:33:49,747 [INFO] PluginManager:220 - loadIPPluginJar : add resmgrutility
2024-10-15 18:33:49,748 [INFO] IPUIPlugin:80 - create IPUIPlugin
2024-10-15 18:33:49,749 [INFO] PluginManager:220 - loadIPPluginJar : add sai
2024-10-15 18:33:49,752 [INFO] IPUIPlugin:80 - create IPUIPlugin
2024-10-15 18:33:49,752 [INFO] PluginManager:220 - loadIPPluginJar : add usbx
2024-10-15 18:33:49,863 [INFO] CADModel:165 - CPN selected for project level
2024-10-15 18:33:49,864 [INFO] CADModel:114 - Register for checkConnection events
2024-10-15 18:33:49,864 [FATAL] Updater:334 - Updater called before beeing initialized
2024-10-15 18:33:49,864 [ERROR] CADModel:125 - Updater not yet initialized, retry later 
2024-10-15 18:33:50,078 [INFO] CADModel:165 - CPN selected for project level
2024-10-15 18:33:50,079 [INFO] CADModel:114 - Register for checkConnection events
2024-10-15 18:33:50,079 [FATAL] Updater:334 - Updater called before beeing initialized
2024-10-15 18:33:50,079 [ERROR] CADModel:125 - Updater not yet initialized, retry later 
2024-10-15 18:33:50,085 [FATAL] Updater:334 - Updater called before beeing initialized
2024-10-15 18:33:50,225 [FATAL] Updater:334 - Updater called before beeing initialized
2024-10-15 18:33:50,230 [INFO] DbMcusAds:53 - JSON generation date=Fri Sep 20 18:34:23 IST 2024 (1726837463113)
2024-10-15 18:33:50,230 [FATAL] Updater:334 - Updater called before beeing initialized
2024-10-15 18:33:50,294 [WARN] DetailPanel:346 - Failed to get advertising image, set to default
2024-10-15 18:33:50,360 [FATAL] Updater:334 - Updater called before beeing initialized
2024-10-15 18:33:50,360 [FATAL] Updater:334 - Updater called before beeing initialized
2024-10-15 18:33:50,360 [FATAL] Updater:334 - Updater called before beeing initialized
2024-10-15 18:33:50,361 [WARN] DetailPanel:346 - Failed to get advertising image, set to default
2024-10-15 18:33:50,362 [FATAL] Updater:334 - Updater called before beeing initialized
2024-10-15 18:33:50,430 [ERROR] Updater:1164 - MainUpdater not yet initialized. External WinMGr cannot be set.
2024-10-15 18:33:50,437 [INFO] Updater:1100 - Updater Version found : 6.12.1
2024-10-15 18:33:50,447 [INFO] ApplicationProperties:184 - Using Application install path: /Applications/STM32CubeIDE.app/Contents/Eclipse/plugins/com.st.stm32cube.common.mx_6.12.1.202409122256
2024-10-15 18:33:50,885 [INFO] MainUpdater:2873 - connection check result : 10
2024-10-15 18:33:50,886 [INFO] MainUpdater:290 - Updater Check For Update Now.
2024-10-15 18:33:50,886 [INFO] MicroXplorer:498 - Change Database Version : DB.6.0.121
2024-10-15 18:33:50,895 [INFO] McuFinderGlobals:63 - Set McuFinder mode to 2 (CubeIDE integrated)
2024-10-15 18:33:50,895 [INFO] UserAuth:179 - activating auth plugin
2024-10-15 18:33:51,185 [INFO] CheckServerUpdateThread:120 - End of CheckServer Thread
2024-10-15 18:33:51,309 [INFO] UserAuth:417 - Internet connection configuration mode: 1
2024-10-15 18:33:51,323 [INFO] JxBrowserEngine:152 - Initiate JxBrowser Engine with user profile folder
2024-10-15 18:33:51,796 [WARN] PackLoader:240 - Cannot read IP mode file for STMicroelectronics.FP-SNS-MOTENVWB1.1.4.0
2024-10-15 18:33:51,819 [WARN] PackLoader:240 - Cannot read IP mode file for STMicroelectronics.X-CUBE-SMBUS.2.1.0
2024-10-15 18:33:51,837 [WARN] PackLoader:240 - Cannot read IP mode file for STMicroelectronics.X-CUBE-WB05N.1.1.0
2024-10-15 18:33:51,873 [WARN] PackLoader:240 - Cannot read IP mode file for STMicroelectronics.X-CUBE-AZRTOS-F7.1.1.0
2024-10-15 18:33:51,902 [WARN] PackLoader:240 - Cannot read IP mode file for STMicroelectronics.FP-SNS-FLIGHT1.5.0.2
2024-10-15 18:33:51,923 [WARN] PackLoader:240 - Cannot read IP mode file for STMicroelectronics.X-CUBE-DISPLAY.3.0.0
2024-10-15 18:33:51,948 [WARN] PackLoader:240 - Cannot read IP mode file for STMicroelectronics.X-CUBE-BLE1.7.0.0
2024-10-15 18:33:51,989 [WARN] PackLoader:240 - Cannot read IP mode file for STMicroelectronics.X-CUBE-NFC10.1.0.0
2024-10-15 18:33:52,008 [WARN] PackLoader:240 - Cannot read IP mode file for emotas.I-CUBE-CANOPEN.1.3.0
2024-10-15 18:33:52,031 [WARN] PackLoader:240 - Cannot read IP mode file for STMicroelectronics.X-CUBE-BLEMGR.3.1.0
2024-10-15 18:33:52,060 [WARN] PackLoader:240 - Cannot read IP mode file for STMicroelectronics.FP-SNS-SMARTAG2.1.2.0
2024-10-15 18:33:52,073 [ERROR] LogOutputStream:75 - [STDERR_REDIRECT] 
