18:54:15 **** Build of configuration Debug for project UART_TRANSMITTER_ISR ****
make -j7 all 
arm-none-eabi-gcc -mcpu=cortex-m4 -g3 -DDEBUG -c -x assembler-with-cpp -MMD -MP -MF"Startup/startup_stm32f446retx.d" -MT"Startup/startup_stm32f446retx.o" --specs=nano.specs -mfloat-abi=soft -mthumb -o "Startup/startup_stm32f446retx.o" "../Startup/startup_stm32f446retx.s"
arm-none-eabi-gcc "../Src/main.c" -mcpu=cortex-m4 -std=gnu11 -g3 -DDEBUG -DSTM32 -DSTM32F4 -DSTM32F446RETx -DNUCLEO_F446RE -c -I../Inc -O0 -ffunction-sections -fdata-sections -Wall -fstack-usage -fcyclomatic-complexity -MMD -MP -MF"Src/main.d" -MT"Src/main.o" --specs=nano.specs -mfloat-abi=soft -mthumb -o "Src/main.o"
arm-none-eabi-gcc "../Src/pll.c" -mcpu=cortex-m4 -std=gnu11 -g3 -DDEBUG -DSTM32 -DSTM32F4 -DSTM32F446RETx -DNUCLEO_F446RE -c -I../Inc -O0 -ffunction-sections -fdata-sections -Wall -fstack-usage -fcyclomatic-complexity -MMD -MP -MF"Src/pll.d" -MT"Src/pll.o" --specs=nano.specs -mfloat-abi=soft -mthumb -o "Src/pll.o"
arm-none-eabi-gcc "../Src/sysTick.c" -mcpu=cortex-m4 -std=gnu11 -g3 -DDEBUG -DSTM32 -DSTM32F4 -DSTM32F446RETx -DNUCLEO_F446RE -c -I../Inc -O0 -ffunction-sections -fdata-sections -Wall -fstack-usage -fcyclomatic-complexity -MMD -MP -MF"Src/sysTick.d" -MT"Src/sysTick.o" --specs=nano.specs -mfloat-abi=soft -mthumb -o "Src/sysTick.o"
arm-none-eabi-gcc "../Src/syscalls.c" -mcpu=cortex-m4 -std=gnu11 -g3 -DDEBUG -DSTM32 -DSTM32F4 -DSTM32F446RETx -DNUCLEO_F446RE -c -I../Inc -O0 -ffunction-sections -fdata-sections -Wall -fstack-usage -fcyclomatic-complexity -MMD -MP -MF"Src/syscalls.d" -MT"Src/syscalls.o" --specs=nano.specs -mfloat-abi=soft -mthumb -o "Src/syscalls.o"
arm-none-eabi-gcc "../Src/sysmem.c" -mcpu=cortex-m4 -std=gnu11 -g3 -DDEBUG -DSTM32 -DSTM32F4 -DSTM32F446RETx -DNUCLEO_F446RE -c -I../Inc -O0 -ffunction-sections -fdata-sections -Wall -fstack-usage -fcyclomatic-complexity -MMD -MP -MF"Src/sysmem.d" -MT"Src/sysmem.o" --specs=nano.specs -mfloat-abi=soft -mthumb -o "Src/sysmem.o"
arm-none-eabi-gcc -o "UART_TRANSMITTER_ISR.elf" @"objects.list"   -mcpu=cortex-m4 -T"/Users/naveensagar/Desktop/STM32_WORKS/STM32_NUCLE0_F446RE_REGISTER_APPROACH/UART_TRANSMITTER_ISR/STM32F446RETX_FLASH.ld" --specs=nosys.specs -Wl,-Map="UART_TRANSMITTER_ISR.map" -Wl,--gc-sections -static --specs=nano.specs -mfloat-abi=soft -mthumb -Wl,--start-group -lc -lm -Wl,--end-group
/Applications/STM32CubeIDE.app/Contents/Eclipse/plugins/com.st.stm32cube.ide.mcu.externaltools.gnu-tools-for-stm32.12.3.rel1.macos64_1.0.100.202403111906/tools/bin/../lib/gcc/arm-none-eabi/12.3.1/../../../../arm-none-eabi/bin/ld: ./Src/pll.o: in function `clockSpeed_PLL':
/Users/naveensagar/Desktop/STM32_WORKS/STM32_NUCLE0_F446RE_REGISTER_APPROACH/UART_TRANSMITTER_ISR/Debug/../Src/pll.c:6: multiple definition of `clockSpeed_PLL'; ./Src/main.o:/Users/naveensagar/Desktop/STM32_WORKS/STM32_NUCLE0_F446RE_REGISTER_APPROACH/UART_TRANSMITTER_ISR/Debug/../Src/main.c:62: first defined here
/Applications/STM32CubeIDE.app/Contents/Eclipse/plugins/com.st.stm32cube.ide.mcu.externaltools.gnu-tools-for-stm32.12.3.rel1.macos64_1.0.100.202403111906/tools/bin/../lib/gcc/arm-none-eabi/12.3.1/../../../../arm-none-eabi/bin/ld: ./Src/sysTick.o:/Users/naveensagar/Desktop/STM32_WORKS/STM32_NUCLE0_F446RE_REGISTER_APPROACH/UART_TRANSMITTER_ISR/Debug/../Src/sysTick.c:7: multiple definition of `ms_counter'; ./Src/main.o:/Users/naveensagar/Desktop/STM32_WORKS/STM32_NUCLE0_F446RE_REGISTER_APPROACH/UART_TRANSMITTER_ISR/Debug/../Src/main.c:37: first defined here
/Applications/STM32CubeIDE.app/Contents/Eclipse/plugins/com.st.stm32cube.ide.mcu.externaltools.gnu-tools-for-stm32.12.3.rel1.macos64_1.0.100.202403111906/tools/bin/../lib/gcc/arm-none-eabi/12.3.1/../../../../arm-none-eabi/bin/ld: ./Src/sysTick.o:/Users/naveensagar/Desktop/STM32_WORKS/STM32_NUCLE0_F446RE_REGISTER_APPROACH/UART_TRANSMITTER_ISR/Debug/../Src/sysTick.c:8: multiple definition of `millis'; ./Src/main.o:/Users/naveensagar/Desktop/STM32_WORKS/STM32_NUCLE0_F446RE_REGISTER_APPROACH/UART_TRANSMITTER_ISR/Debug/../Src/main.c:38: first defined here
/Applications/STM32CubeIDE.app/Contents/Eclipse/plugins/com.st.stm32cube.ide.mcu.externaltools.gnu-tools-for-stm32.12.3.rel1.macos64_1.0.100.202403111906/tools/bin/../lib/gcc/arm-none-eabi/12.3.1/../../../../arm-none-eabi/bin/ld: ./Src/sysTick.o: in function `SysTick_Init':
/Users/naveensagar/Desktop/STM32_WORKS/STM32_NUCLE0_F446RE_REGISTER_APPROACH/UART_TRANSMITTER_ISR/Debug/../Src/sysTick.c:10: multiple definition of `SysTick_Init'; ./Src/main.o:/Users/naveensagar/Desktop/STM32_WORKS/STM32_NUCLE0_F446RE_REGISTER_APPROACH/UART_TRANSMITTER_ISR/Debug/../Src/main.c:40: first defined here
/Applications/STM32CubeIDE.app/Contents/Eclipse/plugins/com.st.stm32cube.ide.mcu.externaltools.gnu-tools-for-stm32.12.3.rel1.macos64_1.0.100.202403111906/tools/bin/../lib/gcc/arm-none-eabi/12.3.1/../../../../arm-none-eabi/bin/ld: ./Src/sysTick.o: in function `SysTick_Handler':
/Users/naveensagar/Desktop/STM32_WORKS/STM32_NUCLE0_F446RE_REGISTER_APPROACH/UART_TRANSMITTER_ISR/Debug/../Src/sysTick.c:18: multiple definition of `SysTick_Handler'; ./Src/main.o:/Users/naveensagar/Desktop/STM32_WORKS/STM32_NUCLE0_F446RE_REGISTER_APPROACH/UART_TRANSMITTER_ISR/Debug/../Src/main.c:48: first defined here
/Applications/STM32CubeIDE.app/Contents/Eclipse/plugins/com.st.stm32cube.ide.mcu.externaltools.gnu-tools-for-stm32.12.3.rel1.macos64_1.0.100.202403111906/tools/bin/../lib/gcc/arm-none-eabi/12.3.1/../../../../arm-none-eabi/bin/ld: ./Src/sysTick.o: in function `delay_ms':
/Users/naveensagar/Desktop/STM32_WORKS/STM32_NUCLE0_F446RE_REGISTER_APPROACH/UART_TRANSMITTER_ISR/Debug/../Src/sysTick.c:23: multiple definition of `delay_ms'; ./Src/main.o:/Users/naveensagar/Desktop/STM32_WORKS/STM32_NUCLE0_F446RE_REGISTER_APPROACH/UART_TRANSMITTER_ISR/Debug/../Src/main.c:53: first defined here
/Applications/STM32CubeIDE.app/Contents/Eclipse/plugins/com.st.stm32cube.ide.mcu.externaltools.gnu-tools-for-stm32.12.3.rel1.macos64_1.0.100.202403111906/tools/bin/../lib/gcc/arm-none-eabi/12.3.1/../../../../arm-none-eabi/bin/ld: ./Src/sysTick.o: in function `getMillis':
/Users/naveensagar/Desktop/STM32_WORKS/STM32_NUCLE0_F446RE_REGISTER_APPROACH/UART_TRANSMITTER_ISR/Debug/../Src/sysTick.c:28: multiple definition of `getMillis'; ./Src/main.o:/Users/naveensagar/Desktop/STM32_WORKS/STM32_NUCLE0_F446RE_REGISTER_APPROACH/UART_TRANSMITTER_ISR/Debug/../Src/main.c:58: first defined here
collect2: error: ld returned 1 exit status
make: *** [makefile:63: UART_TRANSMITTER_ISR.elf] Error 1
"make -j7 all" terminated with exit code 2. Build might be incomplete.

18:54:15 Build Failed. 8 errors, 0 warnings. (took 413ms)

